{"/Users/maximemartins/42WIP/redTetris/src/Server/game/game.ts": {"path":"/Users/maximemartins/42WIP/redTetris/src/Server/game/game.ts","statementMap":{"0":{"start":{"line":1,"column":0},"end":{"line":1,"column":60}},"1":{"start":{"line":2,"column":0},"end":{"line":2,"column":54}},"2":{"start":{"line":3,"column":0},"end":{"line":3,"column":65}},"3":{"start":{"line":4,"column":0},"end":{"line":4,"column":57}},"4":{"start":{"line":5,"column":0},"end":{"line":5,"column":48}},"5":{"start":{"line":6,"column":0},"end":{"line":6,"column":52}},"6":{"start":{"line":16,"column":13},"end":{"line":24,"column":null}},"7":{"start":{"line":17,"column":4},"end":{"line":23,"column":null}},"8":{"start":{"line":18,"column":23},"end":{"line":18,"column":83}},"9":{"start":{"line":18,"column":56},"end":{"line":18,"column":82}},"10":{"start":{"line":19,"column":8},"end":{"line":21,"column":null}},"11":{"start":{"line":20,"column":12},"end":{"line":20,"column":null}},"12":{"start":{"line":22,"column":8},"end":{"line":22,"column":null}},"13":{"start":{"line":34,"column":12},"end":{"line":40,"column":null}},"14":{"start":{"line":41,"column":2},"end":{"line":41,"column":21}},"15":{"start":{"line":43,"column":13},"end":{"line":50,"column":null}},"16":{"start":{"line":51,"column":2},"end":{"line":51,"column":24}},"17":{"start":{"line":53,"column":14},"end":{"line":59,"column":2}},"18":{"start":{"line":54,"column":31},"end":{"line":54,"column":80}},"19":{"start":{"line":55,"column":32},"end":{"line":55,"column":81}},"20":{"start":{"line":56,"column":31},"end":{"line":56,"column":80}},"21":{"start":{"line":57,"column":32},"end":{"line":57,"column":81}},"22":{"start":{"line":58,"column":28},"end":{"line":58,"column":53}},"23":{"start":{"line":61,"column":18},"end":{"line":67,"column":3}},"24":{"start":{"line":62,"column":17},"end":{"line":62,"column":29}},"25":{"start":{"line":63,"column":4},"end":{"line":65,"column":null}},"26":{"start":{"line":63,"column":16},"end":{"line":63,"column":17}},"27":{"start":{"line":64,"column":6},"end":{"line":64,"column":null}},"28":{"start":{"line":66,"column":4},"end":{"line":66,"column":null}},"29":{"start":{"line":70,"column":32},"end":{"line":92,"column":1}},"30":{"start":{"line":71,"column":33},"end":{"line":71,"column":80}},"31":{"start":{"line":72,"column":27},"end":{"line":72,"column":69}},"32":{"start":{"line":73,"column":4},"end":{"line":73,"column":null}},"33":{"start":{"line":74,"column":4},"end":{"line":74,"column":null}},"34":{"start":{"line":75,"column":6},"end":{"line":83,"column":null}},"35":{"start":{"line":84,"column":27},"end":{"line":84,"column":61}},"36":{"start":{"line":85,"column":6},"end":{"line":91,"column":null}},"37":{"start":{"line":86,"column":8},"end":{"line":86,"column":null}},"38":{"start":{"line":87,"column":8},"end":{"line":87,"column":44}},"39":{"start":{"line":88,"column":8},"end":{"line":88,"column":null}},"40":{"start":{"line":89,"column":8},"end":{"line":89,"column":null}},"41":{"start":{"line":90,"column":8},"end":{"line":90,"column":49}},"42":{"start":{"line":96,"column":29},"end":{"line":116,"column":1}},"43":{"start":{"line":97,"column":22},"end":{"line":97,"column":26}},"44":{"start":{"line":98,"column":4},"end":{"line":110,"column":null}},"45":{"start":{"line":99,"column":8},"end":{"line":109,"column":null}},"46":{"start":{"line":100,"column":12},"end":{"line":108,"column":null}},"47":{"start":{"line":101,"column":24},"end":{"line":101,"column":45}},"48":{"start":{"line":102,"column":16},"end":{"line":104,"column":null}},"49":{"start":{"line":102,"column":29},"end":{"line":102,"column":30}},"50":{"start":{"line":103,"column":20},"end":{"line":103,"column":51}},"51":{"start":{"line":105,"column":16},"end":{"line":105,"column":48}},"52":{"start":{"line":106,"column":16},"end":{"line":106,"column":null}},"53":{"start":{"line":107,"column":16},"end":{"line":107,"column":null}},"54":{"start":{"line":108,"column":19},"end":{"line":108,"column":null}},"55":{"start":{"line":111,"column":25},"end":{"line":111,"column":59}},"56":{"start":{"line":112,"column":4},"end":{"line":112,"column":null}},"57":{"start":{"line":113,"column":4},"end":{"line":113,"column":null}},"58":{"start":{"line":114,"column":4},"end":{"line":114,"column":null}},"59":{"start":{"line":115,"column":4},"end":{"line":115,"column":null}},"60":{"start":{"line":119,"column":22},"end":{"line":127,"column":1}},"61":{"start":{"line":120,"column":4},"end":{"line":126,"column":null}},"62":{"start":{"line":121,"column":8},"end":{"line":121,"column":null}},"63":{"start":{"line":123,"column":8},"end":{"line":123,"column":null}},"64":{"start":{"line":124,"column":8},"end":{"line":124,"column":null}},"65":{"start":{"line":125,"column":8},"end":{"line":125,"column":null}},"66":{"start":{"line":132,"column":13},"end":{"line":202,"column":null}},"67":{"start":{"line":133,"column":4},"end":{"line":201,"column":null}},"68":{"start":{"line":134,"column":37},"end":{"line":134,"column":41}},"69":{"start":{"line":135,"column":28},"end":{"line":135,"column":70}},"70":{"start":{"line":136,"column":8},"end":{"line":199,"column":null}},"71":{"start":{"line":137,"column":12},"end":{"line":143,"column":null}},"72":{"start":{"line":138,"column":16},"end":{"line":141,"column":null}},"73":{"start":{"line":139,"column":20},"end":{"line":139,"column":null}},"74":{"start":{"line":140,"column":20},"end":{"line":140,"column":null}},"75":{"start":{"line":140,"column":76},"end":{"line":140,"column":null}},"76":{"start":{"line":142,"column":16},"end":{"line":142,"column":null}},"77":{"start":{"line":145,"column":22},"end":{"line":148,"column":null}},"78":{"start":{"line":149,"column":32},"end":{"line":149,"column":80}},"79":{"start":{"line":150,"column":12},"end":{"line":150,"column":null}},"80":{"start":{"line":151,"column":12},"end":{"line":151,"column":null}},"81":{"start":{"line":152,"column":12},"end":{"line":152,"column":null}},"82":{"start":{"line":153,"column":12},"end":{"line":195,"column":null}},"83":{"start":{"line":154,"column":16},"end":{"line":159,"column":null}},"84":{"start":{"line":155,"column":28},"end":{"line":155,"column":61}},"85":{"start":{"line":156,"column":20},"end":{"line":158,"column":null}},"86":{"start":{"line":157,"column":24},"end":{"line":157,"column":48}},"87":{"start":{"line":161,"column":24},"end":{"line":161,"column":55}},"88":{"start":{"line":163,"column":16},"end":{"line":194,"column":null}},"89":{"start":{"line":164,"column":20},"end":{"line":168,"column":null}},"90":{"start":{"line":165,"column":24},"end":{"line":165,"column":66}},"91":{"start":{"line":166,"column":24},"end":{"line":166,"column":38}},"92":{"start":{"line":167,"column":24},"end":{"line":167,"column":64}},"93":{"start":{"line":170,"column":23},"end":{"line":194,"column":null}},"94":{"start":{"line":172,"column":20},"end":{"line":172,"column":34}},"95":{"start":{"line":173,"column":20},"end":{"line":175,"column":null}},"96":{"start":{"line":174,"column":24},"end":{"line":174,"column":66}},"97":{"start":{"line":176,"column":23},"end":{"line":194,"column":null}},"98":{"start":{"line":178,"column":32},"end":{"line":178,"column":46}},"99":{"start":{"line":179,"column":20},"end":{"line":179,"column":null}},"100":{"start":{"line":180,"column":20},"end":{"line":180,"column":null}},"101":{"start":{"line":181,"column":20},"end":{"line":181,"column":null}},"102":{"start":{"line":182,"column":20},"end":{"line":184,"column":null}},"103":{"start":{"line":183,"column":24},"end":{"line":183,"column":null}},"104":{"start":{"line":186,"column":20},"end":{"line":186,"column":null}},"105":{"start":{"line":186,"column":68},"end":{"line":186,"column":null}},"106":{"start":{"line":188,"column":28},"end":{"line":188,"column":70}},"107":{"start":{"line":189,"column":20},"end":{"line":193,"column":null}},"108":{"start":{"line":190,"column":24},"end":{"line":190,"column":null}},"109":{"start":{"line":192,"column":24},"end":{"line":192,"column":null}},"110":{"start":{"line":196,"column":12},"end":{"line":196,"column":null}},"111":{"start":{"line":197,"column":12},"end":{"line":197,"column":null}},"112":{"start":{"line":198,"column":12},"end":{"line":198,"column":null}},"113":{"start":{"line":200,"column":8},"end":{"line":200,"column":null}},"114":{"start":{"line":204,"column":13},"end":{"line":224,"column":null}},"115":{"start":{"line":205,"column":4},"end":{"line":223,"column":null}},"116":{"start":{"line":206,"column":25},"end":{"line":206,"column":29}},"117":{"start":{"line":207,"column":29},"end":{"line":207,"column":46}},"118":{"start":{"line":208,"column":8},"end":{"line":208,"column":null}},"119":{"start":{"line":209,"column":8},"end":{"line":213,"column":null}},"120":{"start":{"line":210,"column":12},"end":{"line":212,"column":null}},"121":{"start":{"line":211,"column":16},"end":{"line":211,"column":null}},"122":{"start":{"line":212,"column":19},"end":{"line":212,"column":null}},"123":{"start":{"line":214,"column":8},"end":{"line":214,"column":null}},"124":{"start":{"line":215,"column":8},"end":{"line":215,"column":null}},"125":{"start":{"line":217,"column":8},"end":{"line":220,"column":null}},"126":{"start":{"line":218,"column":30},"end":{"line":218,"column":36}},"127":{"start":{"line":219,"column":12},"end":{"line":219,"column":null}},"128":{"start":{"line":221,"column":26},"end":{"line":221,"column":79}},"129":{"start":{"line":221,"column":57},"end":{"line":221,"column":78}},"130":{"start":{"line":222,"column":8},"end":{"line":222,"column":null}}},"fnMap":{"0":{"name":"(anonymous_0)","decl":{"start":{"line":16,"column":25},"end":{"line":16,"column":26}},"loc":{"start":{"line":16,"column":41},"end":{"line":24,"column":1}}},"1":{"name":"(anonymous_1)","decl":{"start":{"line":17,"column":30},"end":{"line":17,"column":31}},"loc":{"start":{"line":17,"column":46},"end":{"line":23,"column":5}}},"2":{"name":"(anonymous_2)","decl":{"start":{"line":18,"column":46},"end":{"line":18,"column":47}},"loc":{"start":{"line":18,"column":56},"end":{"line":18,"column":82}}},"3":{"name":"(anonymous_3)","decl":{"start":{"line":54,"column":16},"end":{"line":54,"column":17}},"loc":{"start":{"line":54,"column":31},"end":{"line":54,"column":80}}},"4":{"name":"(anonymous_4)","decl":{"start":{"line":55,"column":17},"end":{"line":55,"column":18}},"loc":{"start":{"line":55,"column":32},"end":{"line":55,"column":81}}},"5":{"name":"(anonymous_5)","decl":{"start":{"line":56,"column":16},"end":{"line":56,"column":17}},"loc":{"start":{"line":56,"column":31},"end":{"line":56,"column":80}}},"6":{"name":"(anonymous_6)","decl":{"start":{"line":57,"column":17},"end":{"line":57,"column":18}},"loc":{"start":{"line":57,"column":32},"end":{"line":57,"column":81}}},"7":{"name":"(anonymous_7)","decl":{"start":{"line":58,"column":14},"end":{"line":58,"column":15}},"loc":{"start":{"line":58,"column":28},"end":{"line":58,"column":53}}},"8":{"name":"(anonymous_8)","decl":{"start":{"line":61,"column":18},"end":{"line":61,"column":19}},"loc":{"start":{"line":61,"column":38},"end":{"line":67,"column":3}}},"9":{"name":"(anonymous_9)","decl":{"start":{"line":70,"column":32},"end":{"line":70,"column":33}},"loc":{"start":{"line":70,"column":94},"end":{"line":92,"column":1}}},"10":{"name":"(anonymous_10)","decl":{"start":{"line":96,"column":29},"end":{"line":96,"column":30}},"loc":{"start":{"line":96,"column":89},"end":{"line":116,"column":1}}},"11":{"name":"(anonymous_11)","decl":{"start":{"line":99,"column":20},"end":{"line":99,"column":21}},"loc":{"start":{"line":99,"column":40},"end":{"line":109,"column":9}}},"12":{"name":"(anonymous_12)","decl":{"start":{"line":119,"column":22},"end":{"line":119,"column":23}},"loc":{"start":{"line":119,"column":70},"end":{"line":127,"column":1}}},"13":{"name":"(anonymous_13)","decl":{"start":{"line":132,"column":20},"end":{"line":132,"column":21}},"loc":{"start":{"line":132,"column":52},"end":{"line":202,"column":1}}},"14":{"name":"(anonymous_14)","decl":{"start":{"line":133,"column":23},"end":{"line":133,"column":24}},"loc":{"start":{"line":133,"column":39},"end":{"line":201,"column":5}}},"15":{"name":"(anonymous_15)","decl":{"start":{"line":137,"column":29},"end":{"line":137,"column":30}},"loc":{"start":{"line":137,"column":47},"end":{"line":143,"column":13}}},"16":{"name":"(anonymous_16)","decl":{"start":{"line":204,"column":25},"end":{"line":204,"column":26}},"loc":{"start":{"line":204,"column":41},"end":{"line":224,"column":1}}},"17":{"name":"(anonymous_17)","decl":{"start":{"line":205,"column":27},"end":{"line":205,"column":28}},"loc":{"start":{"line":205,"column":43},"end":{"line":223,"column":5}}},"18":{"name":"(anonymous_18)","decl":{"start":{"line":209,"column":25},"end":{"line":209,"column":26}},"loc":{"start":{"line":209,"column":43},"end":{"line":213,"column":9}}},"19":{"name":"(anonymous_19)","decl":{"start":{"line":217,"column":28},"end":{"line":217,"column":29}},"loc":{"start":{"line":217,"column":48},"end":{"line":220,"column":9}}},"20":{"name":"(anonymous_20)","decl":{"start":{"line":221,"column":47},"end":{"line":221,"column":48}},"loc":{"start":{"line":221,"column":57},"end":{"line":221,"column":78}}}},"branchMap":{"0":{"loc":{"start":{"line":19,"column":8},"end":{"line":21,"column":null}},"type":"if","locations":[{"start":{"line":19,"column":8},"end":{"line":21,"column":null}},{"start":{"line":19,"column":8},"end":{"line":21,"column":null}}]},"1":{"loc":{"start":{"line":19,"column":12},"end":{"line":19,"column":18}},"type":"binary-expr","locations":[{"start":{"line":19,"column":12},"end":{"line":19,"column":18}},{"start":{"line":19,"column":22},"end":{"line":19,"column":60}}]},"2":{"loc":{"start":{"line":73,"column":35},"end":{"line":73,"column":52}},"type":"cond-expr","locations":[{"start":{"line":73,"column":35},"end":{"line":73,"column":52}},{"start":{"line":73,"column":55},"end":{"line":73,"column":68}}]},"3":{"loc":{"start":{"line":74,"column":64},"end":{"line":74,"column":85}},"type":"cond-expr","locations":[{"start":{"line":74,"column":64},"end":{"line":74,"column":85}},{"start":{"line":74,"column":88},"end":{"line":74,"column":105}}]},"4":{"loc":{"start":{"line":74,"column":24},"end":{"line":74,"column":36}},"type":"binary-expr","locations":[{"start":{"line":74,"column":24},"end":{"line":74,"column":36}},{"start":{"line":74,"column":40},"end":{"line":74,"column":61}}]},"5":{"loc":{"start":{"line":85,"column":6},"end":{"line":91,"column":null}},"type":"if","locations":[{"start":{"line":85,"column":6},"end":{"line":91,"column":null}},{"start":{"line":85,"column":6},"end":{"line":91,"column":null}}]},"6":{"loc":{"start":{"line":98,"column":4},"end":{"line":110,"column":null}},"type":"if","locations":[{"start":{"line":98,"column":4},"end":{"line":110,"column":null}},{"start":{"line":98,"column":4},"end":{"line":110,"column":null}}]},"7":{"loc":{"start":{"line":100,"column":12},"end":{"line":108,"column":null}},"type":"if","locations":[{"start":{"line":100,"column":12},"end":{"line":108,"column":null}},{"start":{"line":100,"column":12},"end":{"line":108,"column":null}}]},"8":{"loc":{"start":{"line":100,"column":16},"end":{"line":100,"column":39}},"type":"binary-expr","locations":[{"start":{"line":100,"column":16},"end":{"line":100,"column":39}},{"start":{"line":100,"column":43},"end":{"line":100,"column":55}}]},"9":{"loc":{"start":{"line":101,"column":39},"end":{"line":101,"column":41}},"type":"cond-expr","locations":[{"start":{"line":101,"column":39},"end":{"line":101,"column":41}},{"start":{"line":101,"column":39},"end":{"line":101,"column":45}}]},"10":{"loc":{"start":{"line":101,"column":24},"end":{"line":101,"column":41}},"type":"binary-expr","locations":[{"start":{"line":101,"column":24},"end":{"line":101,"column":41}},{"start":{"line":101,"column":39},"end":{"line":101,"column":41}}]},"11":{"loc":{"start":{"line":103,"column":24},"end":{"line":103,"column":26}},"type":"cond-expr","locations":[{"start":{"line":103,"column":24},"end":{"line":103,"column":26}},{"start":{"line":103,"column":24},"end":{"line":103,"column":51}}]},"12":{"loc":{"start":{"line":103,"column":20},"end":{"line":103,"column":26}},"type":"binary-expr","locations":[{"start":{"line":103,"column":20},"end":{"line":103,"column":26}},{"start":{"line":103,"column":24},"end":{"line":103,"column":26}}]},"13":{"loc":{"start":{"line":105,"column":20},"end":{"line":105,"column":22}},"type":"cond-expr","locations":[{"start":{"line":105,"column":20},"end":{"line":105,"column":22}},{"start":{"line":105,"column":20},"end":{"line":105,"column":48}}]},"14":{"loc":{"start":{"line":105,"column":16},"end":{"line":105,"column":22}},"type":"binary-expr","locations":[{"start":{"line":105,"column":16},"end":{"line":105,"column":22}},{"start":{"line":105,"column":20},"end":{"line":105,"column":22}}]},"15":{"loc":{"start":{"line":120,"column":4},"end":{"line":126,"column":null}},"type":"if","locations":[{"start":{"line":120,"column":4},"end":{"line":126,"column":null}},{"start":{"line":120,"column":4},"end":{"line":126,"column":null}}]},"16":{"loc":{"start":{"line":136,"column":8},"end":{"line":199,"column":null}},"type":"if","locations":[{"start":{"line":136,"column":8},"end":{"line":199,"column":null}},{"start":{"line":136,"column":8},"end":{"line":199,"column":null}}]},"17":{"loc":{"start":{"line":136,"column":12},"end":{"line":136,"column":16}},"type":"binary-expr","locations":[{"start":{"line":136,"column":12},"end":{"line":136,"column":16}},{"start":{"line":136,"column":20},"end":{"line":136,"column":32}},{"start":{"line":136,"column":36},"end":{"line":136,"column":61}}]},"18":{"loc":{"start":{"line":138,"column":16},"end":{"line":141,"column":null}},"type":"if","locations":[{"start":{"line":138,"column":16},"end":{"line":141,"column":null}},{"start":{"line":138,"column":16},"end":{"line":141,"column":null}}]},"19":{"loc":{"start":{"line":138,"column":20},"end":{"line":138,"column":41}},"type":"binary-expr","locations":[{"start":{"line":138,"column":20},"end":{"line":138,"column":41}},{"start":{"line":138,"column":45},"end":{"line":138,"column":57}},{"start":{"line":138,"column":61},"end":{"line":138,"column":71}},{"start":{"line":138,"column":75},"end":{"line":138,"column":112}}]},"20":{"loc":{"start":{"line":140,"column":20},"end":{"line":140,"column":null}},"type":"if","locations":[{"start":{"line":140,"column":20},"end":{"line":140,"column":null}},{"start":{"line":140,"column":20},"end":{"line":140,"column":null}}]},"21":{"loc":{"start":{"line":153,"column":12},"end":{"line":195,"column":null}},"type":"if","locations":[{"start":{"line":153,"column":12},"end":{"line":195,"column":null}},{"start":{"line":153,"column":12},"end":{"line":195,"column":null}}]},"22":{"loc":{"start":{"line":154,"column":16},"end":{"line":159,"column":null}},"type":"if","locations":[{"start":{"line":154,"column":16},"end":{"line":159,"column":null}},{"start":{"line":154,"column":16},"end":{"line":159,"column":null}}]},"23":{"loc":{"start":{"line":156,"column":20},"end":{"line":158,"column":null}},"type":"if","locations":[{"start":{"line":156,"column":20},"end":{"line":158,"column":null}},{"start":{"line":156,"column":20},"end":{"line":158,"column":null}}]},"24":{"loc":{"start":{"line":163,"column":16},"end":{"line":194,"column":null}},"type":"if","locations":[{"start":{"line":163,"column":16},"end":{"line":194,"column":null}},{"start":{"line":163,"column":16},"end":{"line":194,"column":null}}]},"25":{"loc":{"start":{"line":170,"column":23},"end":{"line":194,"column":null}},"type":"if","locations":[{"start":{"line":170,"column":23},"end":{"line":194,"column":null}},{"start":{"line":170,"column":23},"end":{"line":194,"column":null}}]},"26":{"loc":{"start":{"line":173,"column":20},"end":{"line":175,"column":null}},"type":"if","locations":[{"start":{"line":173,"column":20},"end":{"line":175,"column":null}},{"start":{"line":173,"column":20},"end":{"line":175,"column":null}}]},"27":{"loc":{"start":{"line":176,"column":23},"end":{"line":194,"column":null}},"type":"if","locations":[{"start":{"line":176,"column":23},"end":{"line":194,"column":null}},{"start":{"line":176,"column":23},"end":{"line":194,"column":null}}]},"28":{"loc":{"start":{"line":176,"column":27},"end":{"line":176,"column":44}},"type":"binary-expr","locations":[{"start":{"line":176,"column":27},"end":{"line":176,"column":44}},{"start":{"line":176,"column":48},"end":{"line":176,"column":65}}]},"29":{"loc":{"start":{"line":182,"column":20},"end":{"line":184,"column":null}},"type":"if","locations":[{"start":{"line":182,"column":20},"end":{"line":184,"column":null}},{"start":{"line":182,"column":20},"end":{"line":184,"column":null}}]},"30":{"loc":{"start":{"line":186,"column":20},"end":{"line":186,"column":null}},"type":"if","locations":[{"start":{"line":186,"column":20},"end":{"line":186,"column":null}},{"start":{"line":186,"column":20},"end":{"line":186,"column":null}}]},"31":{"loc":{"start":{"line":186,"column":24},"end":{"line":186,"column":39}},"type":"binary-expr","locations":[{"start":{"line":186,"column":24},"end":{"line":186,"column":39}},{"start":{"line":186,"column":43},"end":{"line":186,"column":66}}]},"32":{"loc":{"start":{"line":189,"column":20},"end":{"line":193,"column":null}},"type":"if","locations":[{"start":{"line":189,"column":20},"end":{"line":193,"column":null}},{"start":{"line":189,"column":20},"end":{"line":193,"column":null}}]},"33":{"loc":{"start":{"line":210,"column":12},"end":{"line":212,"column":null}},"type":"if","locations":[{"start":{"line":210,"column":12},"end":{"line":212,"column":null}},{"start":{"line":210,"column":12},"end":{"line":212,"column":null}}]}},"s":{"0":1,"1":1,"2":1,"3":1,"4":1,"5":1,"6":1,"7":0,"8":0,"9":0,"10":0,"11":0,"12":0,"13":1,"14":1,"15":1,"16":1,"17":1,"18":0,"19":0,"20":0,"21":0,"22":0,"23":1,"24":0,"25":0,"26":0,"27":0,"28":0,"29":1,"30":0,"31":0,"32":0,"33":0,"34":0,"35":0,"36":0,"37":0,"38":0,"39":0,"40":0,"41":0,"42":1,"43":0,"44":0,"45":0,"46":0,"47":0,"48":0,"49":0,"50":0,"51":0,"52":0,"53":0,"54":0,"55":0,"56":0,"57":0,"58":0,"59":0,"60":1,"61":0,"62":0,"63":0,"64":0,"65":0,"66":1,"67":0,"68":0,"69":0,"70":0,"71":0,"72":0,"73":0,"74":0,"75":0,"76":0,"77":0,"78":0,"79":0,"80":0,"81":0,"82":0,"83":0,"84":0,"85":0,"86":0,"87":0,"88":0,"89":0,"90":0,"91":0,"92":0,"93":0,"94":0,"95":0,"96":0,"97":0,"98":0,"99":0,"100":0,"101":0,"102":0,"103":0,"104":0,"105":0,"106":0,"107":0,"108":0,"109":0,"110":0,"111":0,"112":0,"113":0,"114":1,"115":0,"116":0,"117":0,"118":0,"119":0,"120":0,"121":0,"122":0,"123":0,"124":0,"125":0,"126":0,"127":0,"128":0,"129":0,"130":0},"f":{"0":0,"1":0,"2":0,"3":0,"4":0,"5":0,"6":0,"7":0,"8":0,"9":0,"10":0,"11":0,"12":0,"13":0,"14":0,"15":0,"16":0,"17":0,"18":0,"19":0,"20":0},"b":{"0":[0,0],"1":[0,0],"2":[0,0],"3":[0,0],"4":[0,0],"5":[0,0],"6":[0,0],"7":[0,0],"8":[0,0],"9":[0,0],"10":[0,0],"11":[0,0],"12":[0,0],"13":[0,0],"14":[0,0],"15":[0,0],"16":[0,0],"17":[0,0,0],"18":[0,0],"19":[0,0,0,0],"20":[0,0],"21":[0,0],"22":[0,0],"23":[0,0],"24":[0,0],"25":[0,0],"26":[0,0],"27":[0,0],"28":[0,0],"29":[0,0],"30":[0,0],"31":[0,0],"32":[0,0],"33":[0,0]}}
,"/Users/maximemartins/42WIP/redTetris/src/Server/utils/randomizer.ts": {"path":"/Users/maximemartins/42WIP/redTetris/src/Server/utils/randomizer.ts","statementMap":{"0":{"start":{"line":2,"column":17},"end":{"line":2,"column":52}},"1":{"start":{"line":3,"column":26},"end":{"line":3,"column":28}},"2":{"start":{"line":6,"column":15},"end":{"line":6,"column":60}},"3":{"start":{"line":9,"column":23},"end":{"line":9,"column":74}},"4":{"start":{"line":10,"column":4},"end":{"line":10,"column":21}},"5":{"start":{"line":12,"column":18},"end":{"line":12,"column":45}},"6":{"start":{"line":14,"column":4},"end":{"line":42,"column":null}},"7":{"start":{"line":16,"column":24},"end":{"line":16,"column":25}},"8":{"start":{"line":17,"column":28},"end":{"line":17,"column":64}},"9":{"start":{"line":20,"column":8},"end":{"line":27,"column":null}},"10":{"start":{"line":21,"column":12},"end":{"line":21,"column":47}},"11":{"start":{"line":22,"column":12},"end":{"line":22,"column":28}},"12":{"start":{"line":23,"column":12},"end":{"line":25,"column":null}},"13":{"start":{"line":24,"column":16},"end":{"line":24,"column":22}},"14":{"start":{"line":26,"column":12},"end":{"line":26,"column":null}},"15":{"start":{"line":26,"column":30},"end":{"line":26,"column":null}},"16":{"start":{"line":30,"column":8},"end":{"line":32,"column":null}},"17":{"start":{"line":31,"column":12},"end":{"line":31,"column":50}},"18":{"start":{"line":33,"column":8},"end":{"line":33,"column":26}},"19":{"start":{"line":35,"column":8},"end":{"line":35,"column":27}},"20":{"start":{"line":38,"column":8},"end":{"line":38,"column":24}},"21":{"start":{"line":39,"column":8},"end":{"line":39,"column":27}},"22":{"start":{"line":41,"column":8},"end":{"line":41,"column":null}},"23":{"start":{"line":1,"column":0},"end":{"line":1,"column":15}}},"fnMap":{"0":{"name":"randomizer","decl":{"start":{"line":1,"column":17},"end":{"line":1,"column":27}},"loc":{"start":{"line":1,"column":27},"end":{"line":43,"column":1}}}},"branchMap":{"0":{"loc":{"start":{"line":23,"column":12},"end":{"line":25,"column":null}},"type":"if","locations":[{"start":{"line":23,"column":12},"end":{"line":25,"column":null}},{"start":{"line":23,"column":12},"end":{"line":25,"column":null}}]},"1":{"loc":{"start":{"line":23,"column":16},"end":{"line":23,"column":49}},"type":"binary-expr","locations":[{"start":{"line":23,"column":16},"end":{"line":23,"column":49}},{"start":{"line":23,"column":53},"end":{"line":23,"column":63}}]},"2":{"loc":{"start":{"line":26,"column":12},"end":{"line":26,"column":null}},"type":"if","locations":[{"start":{"line":26,"column":12},"end":{"line":26,"column":null}},{"start":{"line":26,"column":12},"end":{"line":26,"column":null}}]},"3":{"loc":{"start":{"line":30,"column":8},"end":{"line":32,"column":null}},"type":"if","locations":[{"start":{"line":30,"column":8},"end":{"line":32,"column":null}},{"start":{"line":30,"column":8},"end":{"line":32,"column":null}}]}},"s":{"0":2,"1":2,"2":2,"3":2,"4":2,"5":2,"6":2,"7":28,"8":28,"9":28,"10":58,"11":58,"12":58,"13":28,"14":30,"15":29,"16":28,"17":15,"18":28,"19":28,"20":28,"21":28,"22":28,"23":1},"f":{"0":2},"b":{"0":[28,30],"1":[58,30],"2":[29,1],"3":[15,13]}}
,"/Users/maximemartins/42WIP/redTetris/src/Server/utils/utilitiesFunctions.ts": {"path":"/Users/maximemartins/42WIP/redTetris/src/Server/utils/utilitiesFunctions.ts","statementMap":{"0":{"start":{"line":2,"column":0},"end":{"line":2,"column":55}},"1":{"start":{"line":5,"column":13},"end":{"line":9,"column":2}},"2":{"start":{"line":6,"column":13},"end":{"line":6,"column":25}},"3":{"start":{"line":7,"column":2},"end":{"line":7,"column":19}},"4":{"start":{"line":8,"column":2},"end":{"line":8,"column":null}},"5":{"start":{"line":11,"column":13},"end":{"line":16,"column":2}},"6":{"start":{"line":12,"column":15},"end":{"line":14,"column":4}},"7":{"start":{"line":13,"column":4},"end":{"line":13,"column":26}},"8":{"start":{"line":15,"column":2},"end":{"line":15,"column":null}},"9":{"start":{"line":18,"column":13},"end":{"line":30,"column":2}},"10":{"start":{"line":20,"column":2},"end":{"line":29,"column":null}},"11":{"start":{"line":21,"column":4},"end":{"line":25,"column":7}},"12":{"start":{"line":22,"column":6},"end":{"line":24,"column":59}},"13":{"start":{"line":26,"column":4},"end":{"line":28,"column":null}},"14":{"start":{"line":27,"column":6},"end":{"line":27,"column":63}}},"fnMap":{"0":{"name":"(anonymous_0)","decl":{"start":{"line":5,"column":29},"end":{"line":5,"column":30}},"loc":{"start":{"line":5,"column":59},"end":{"line":9,"column":1}}},"1":{"name":"(anonymous_1)","decl":{"start":{"line":11,"column":28},"end":{"line":11,"column":29}},"loc":{"start":{"line":11,"column":59},"end":{"line":16,"column":1}}},"2":{"name":"(anonymous_2)","decl":{"start":{"line":12,"column":26},"end":{"line":12,"column":27}},"loc":{"start":{"line":12,"column":35},"end":{"line":14,"column":3}}},"3":{"name":"(anonymous_3)","decl":{"start":{"line":18,"column":23},"end":{"line":18,"column":24}},"loc":{"start":{"line":18,"column":81},"end":{"line":30,"column":1}}},"4":{"name":"(anonymous_4)","decl":{"start":{"line":21,"column":21},"end":{"line":21,"column":22}},"loc":{"start":{"line":21,"column":41},"end":{"line":25,"column":5}}}},"branchMap":{"0":{"loc":{"start":{"line":20,"column":2},"end":{"line":29,"column":null}},"type":"if","locations":[{"start":{"line":20,"column":2},"end":{"line":29,"column":null}},{"start":{"line":20,"column":2},"end":{"line":29,"column":null}}]},"1":{"loc":{"start":{"line":26,"column":4},"end":{"line":28,"column":null}},"type":"if","locations":[{"start":{"line":26,"column":4},"end":{"line":28,"column":null}},{"start":{"line":26,"column":4},"end":{"line":28,"column":null}}]}},"s":{"0":1,"1":1,"2":0,"3":0,"4":0,"5":1,"6":0,"7":0,"8":0,"9":1,"10":0,"11":0,"12":0,"13":0,"14":0},"f":{"0":0,"1":0,"2":0,"3":0,"4":0},"b":{"0":[0,0],"1":[0,0]}}
,"/Users/maximemartins/42WIP/redTetris/src/Shared/models/Board.ts": {"path":"/Users/maximemartins/42WIP/redTetris/src/Shared/models/Board.ts","statementMap":{"0":{"start":{"line":1,"column":0},"end":{"line":1,"column":40}},"1":{"start":{"line":2,"column":0},"end":{"line":2,"column":48}},"2":{"start":{"line":36,"column":4},"end":{"line":36,"column":78}},"3":{"start":{"line":36,"column":47},"end":{"line":36,"column":64}},"4":{"start":{"line":37,"column":4},"end":{"line":37,"column":29}},"5":{"start":{"line":38,"column":4},"end":{"line":38,"column":null}},"6":{"start":{"line":39,"column":4},"end":{"line":39,"column":null}},"7":{"start":{"line":51,"column":4},"end":{"line":51,"column":28}},"8":{"start":{"line":56,"column":4},"end":{"line":56,"column":23}},"9":{"start":{"line":61,"column":4},"end":{"line":61,"column":28}},"10":{"start":{"line":66,"column":4},"end":{"line":66,"column":49}},"11":{"start":{"line":72,"column":6},"end":{"line":81,"column":null}},"12":{"start":{"line":73,"column":8},"end":{"line":80,"column":null}},"13":{"start":{"line":74,"column":18},"end":{"line":74,"column":34}},"14":{"start":{"line":75,"column":18},"end":{"line":75,"column":34}},"15":{"start":{"line":76,"column":10},"end":{"line":79,"column":12}},"16":{"start":{"line":85,"column":4},"end":{"line":88,"column":null}},"17":{"start":{"line":86,"column":8},"end":{"line":86,"column":null}},"18":{"start":{"line":87,"column":8},"end":{"line":87,"column":null}},"19":{"start":{"line":92,"column":18},"end":{"line":92,"column":35}},"20":{"start":{"line":94,"column":4},"end":{"line":101,"column":null}},"21":{"start":{"line":95,"column":6},"end":{"line":100,"column":null}},"22":{"start":{"line":96,"column":8},"end":{"line":98,"column":null}},"23":{"start":{"line":97,"column":10},"end":{"line":97,"column":null}},"24":{"start":{"line":99,"column":8},"end":{"line":99,"column":null}},"25":{"start":{"line":106,"column":4},"end":{"line":110,"column":11}},"26":{"start":{"line":115,"column":8},"end":{"line":115,"column":32}},"27":{"start":{"line":117,"column":8},"end":{"line":119,"column":null}},"28":{"start":{"line":117,"column":20},"end":{"line":117,"column":21}},"29":{"start":{"line":118,"column":10},"end":{"line":118,"column":47}},"30":{"start":{"line":123,"column":24},"end":{"line":123,"column":25}},"31":{"start":{"line":124,"column":4},"end":{"line":133,"column":7}},"32":{"start":{"line":126,"column":6},"end":{"line":132,"column":null}},"33":{"start":{"line":126,"column":29},"end":{"line":126,"column":38}},"34":{"start":{"line":127,"column":8},"end":{"line":127,"column":null}},"35":{"start":{"line":129,"column":8},"end":{"line":129,"column":31}},"36":{"start":{"line":131,"column":8},"end":{"line":131,"column":45}},"37":{"start":{"line":135,"column":18},"end":{"line":138,"column":null}},"38":{"start":{"line":139,"column":4},"end":{"line":139,"column":17}},"39":{"start":{"line":144,"column":4},"end":{"line":150,"column":7}},"40":{"start":{"line":145,"column":6},"end":{"line":149,"column":9}},"41":{"start":{"line":146,"column":8},"end":{"line":148,"column":null}},"42":{"start":{"line":147,"column":10},"end":{"line":147,"column":86}},"43":{"start":{"line":151,"column":4},"end":{"line":151,"column":null}},"44":{"start":{"line":28,"column":0},"end":{"line":28,"column":13}}},"fnMap":{"0":{"name":"(anonymous_0)","decl":{"start":{"line":35,"column":2},"end":{"line":35,"column":14}},"loc":{"start":{"line":35,"column":28},"end":{"line":40,"column":3}}},"1":{"name":"(anonymous_1)","decl":{"start":{"line":36,"column":41},"end":{"line":36,"column":44}},"loc":{"start":{"line":36,"column":47},"end":{"line":36,"column":64}}},"2":{"name":"(anonymous_2)","decl":{"start":{"line":48,"column":9},"end":{"line":48,"column":20}},"loc":{"start":{"line":48,"column":30},"end":{"line":52,"column":3}}},"3":{"name":"(anonymous_3)","decl":{"start":{"line":54,"column":9},"end":{"line":54,"column":16}},"loc":{"start":{"line":54,"column":30},"end":{"line":57,"column":3}}},"4":{"name":"(anonymous_4)","decl":{"start":{"line":59,"column":9},"end":{"line":59,"column":19}},"loc":{"start":{"line":59,"column":29},"end":{"line":62,"column":3}}},"5":{"name":"(anonymous_5)","decl":{"start":{"line":64,"column":9},"end":{"line":64,"column":20}},"loc":{"start":{"line":64,"column":41},"end":{"line":67,"column":3}}},"6":{"name":"(anonymous_6)","decl":{"start":{"line":70,"column":9},"end":{"line":70,"column":16}},"loc":{"start":{"line":70,"column":30},"end":{"line":82,"column":3}}},"7":{"name":"(anonymous_7)","decl":{"start":{"line":72,"column":31},"end":{"line":72,"column":32}},"loc":{"start":{"line":72,"column":43},"end":{"line":81,"column":7}}},"8":{"name":"(anonymous_8)","decl":{"start":{"line":73,"column":25},"end":{"line":73,"column":26}},"loc":{"start":{"line":73,"column":39},"end":{"line":80,"column":9}}},"9":{"name":"(anonymous_9)","decl":{"start":{"line":84,"column":9},"end":{"line":84,"column":13}},"loc":{"start":{"line":84,"column":23},"end":{"line":89,"column":3}}},"10":{"name":"(anonymous_10)","decl":{"start":{"line":91,"column":9},"end":{"line":91,"column":13}},"loc":{"start":{"line":91,"column":13},"end":{"line":102,"column":3}}},"11":{"name":"(anonymous_11)","decl":{"start":{"line":94,"column":33},"end":{"line":94,"column":34}},"loc":{"start":{"line":94,"column":44},"end":{"line":101,"column":5}}},"12":{"name":"(anonymous_12)","decl":{"start":{"line":95,"column":21},"end":{"line":95,"column":22}},"loc":{"start":{"line":95,"column":34},"end":{"line":100,"column":7}}},"13":{"name":"(anonymous_13)","decl":{"start":{"line":105,"column":9},"end":{"line":105,"column":27}},"loc":{"start":{"line":105,"column":41},"end":{"line":111,"column":3}}},"14":{"name":"(anonymous_14)","decl":{"start":{"line":113,"column":9},"end":{"line":113,"column":26}},"loc":{"start":{"line":113,"column":26},"end":{"line":120,"column":3}}},"15":{"name":"(anonymous_15)","decl":{"start":{"line":122,"column":9},"end":{"line":122,"column":19}},"loc":{"start":{"line":122,"column":19},"end":{"line":140,"column":3}}},"16":{"name":"(anonymous_16)","decl":{"start":{"line":124,"column":22},"end":{"line":124,"column":23}},"loc":{"start":{"line":124,"column":33},"end":{"line":133,"column":5}}},"17":{"name":"(anonymous_17)","decl":{"start":{"line":126,"column":20},"end":{"line":126,"column":25}},"loc":{"start":{"line":126,"column":29},"end":{"line":126,"column":38}}},"18":{"name":"(anonymous_18)","decl":{"start":{"line":143,"column":9},"end":{"line":143,"column":15}},"loc":{"start":{"line":143,"column":15},"end":{"line":152,"column":3}}},"19":{"name":"(anonymous_19)","decl":{"start":{"line":144,"column":36},"end":{"line":144,"column":37}},"loc":{"start":{"line":144,"column":47},"end":{"line":150,"column":5}}},"20":{"name":"(anonymous_20)","decl":{"start":{"line":145,"column":18},"end":{"line":145,"column":19}},"loc":{"start":{"line":145,"column":31},"end":{"line":149,"column":7}}}},"branchMap":{"0":{"loc":{"start":{"line":51,"column":11},"end":{"line":51,"column":17}},"type":"binary-expr","locations":[{"start":{"line":51,"column":11},"end":{"line":51,"column":17}},{"start":{"line":51,"column":21},"end":{"line":51,"column":27}}]},"1":{"loc":{"start":{"line":61,"column":11},"end":{"line":61,"column":17}},"type":"binary-expr","locations":[{"start":{"line":61,"column":11},"end":{"line":61,"column":17}},{"start":{"line":61,"column":21},"end":{"line":61,"column":27}}]},"2":{"loc":{"start":{"line":66,"column":11},"end":{"line":66,"column":23}},"type":"binary-expr","locations":[{"start":{"line":66,"column":11},"end":{"line":66,"column":23}},{"start":{"line":66,"column":27},"end":{"line":66,"column":48}}]},"3":{"loc":{"start":{"line":77,"column":12},"end":{"line":77,"column":31}},"type":"binary-expr","locations":[{"start":{"line":77,"column":12},"end":{"line":77,"column":31}},{"start":{"line":78,"column":13},"end":{"line":78,"column":32}},{"start":{"line":78,"column":36},"end":{"line":78,"column":54}},{"start":{"line":78,"column":58},"end":{"line":78,"column":80}}]},"4":{"loc":{"start":{"line":85,"column":4},"end":{"line":88,"column":null}},"type":"if","locations":[{"start":{"line":85,"column":4},"end":{"line":88,"column":null}},{"start":{"line":85,"column":4},"end":{"line":88,"column":null}}]},"5":{"loc":{"start":{"line":96,"column":8},"end":{"line":98,"column":null}},"type":"if","locations":[{"start":{"line":96,"column":8},"end":{"line":98,"column":null}},{"start":{"line":96,"column":8},"end":{"line":98,"column":null}}]},"6":{"loc":{"start":{"line":96,"column":12},"end":{"line":96,"column":28}},"type":"binary-expr","locations":[{"start":{"line":96,"column":12},"end":{"line":96,"column":28}},{"start":{"line":96,"column":32},"end":{"line":96,"column":48}},{"start":{"line":96,"column":52},"end":{"line":96,"column":84}},{"start":{"line":96,"column":88},"end":{"line":96,"column":121}}]},"7":{"loc":{"start":{"line":97,"column":26},"end":{"line":97,"column":31}},"type":"cond-expr","locations":[{"start":{"line":97,"column":26},"end":{"line":97,"column":31}},{"start":{"line":97,"column":34},"end":{"line":97,"column":79}}]},"8":{"loc":{"start":{"line":106,"column":25},"end":{"line":106,"column":38}},"type":"cond-expr","locations":[{"start":{"line":106,"column":25},"end":{"line":106,"column":38}},{"start":{"line":107,"column":9},"end":{"line":110,"column":10}}]},"9":{"loc":{"start":{"line":107,"column":23},"end":{"line":107,"column":36}},"type":"cond-expr","locations":[{"start":{"line":107,"column":23},"end":{"line":107,"column":36}},{"start":{"line":108,"column":9},"end":{"line":110,"column":10}}]},"10":{"loc":{"start":{"line":108,"column":23},"end":{"line":108,"column":36}},"type":"cond-expr","locations":[{"start":{"line":108,"column":23},"end":{"line":108,"column":36}},{"start":{"line":109,"column":9},"end":{"line":110,"column":10}}]},"11":{"loc":{"start":{"line":109,"column":23},"end":{"line":109,"column":36}},"type":"cond-expr","locations":[{"start":{"line":109,"column":23},"end":{"line":109,"column":36}},{"start":{"line":110,"column":9},"end":{"line":110,"column":10}}]},"12":{"loc":{"start":{"line":126,"column":6},"end":{"line":132,"column":null}},"type":"if","locations":[{"start":{"line":126,"column":6},"end":{"line":132,"column":null}},{"start":{"line":126,"column":6},"end":{"line":132,"column":null}}]},"13":{"loc":{"start":{"line":146,"column":8},"end":{"line":148,"column":null}},"type":"if","locations":[{"start":{"line":146,"column":8},"end":{"line":148,"column":null}},{"start":{"line":146,"column":8},"end":{"line":148,"column":null}}]}},"s":{"0":1,"1":1,"2":0,"3":0,"4":0,"5":0,"6":0,"7":0,"8":0,"9":0,"10":0,"11":0,"12":0,"13":0,"14":0,"15":0,"16":0,"17":0,"18":0,"19":0,"20":0,"21":0,"22":0,"23":0,"24":0,"25":0,"26":0,"27":0,"28":0,"29":0,"30":0,"31":0,"32":0,"33":0,"34":0,"35":0,"36":0,"37":0,"38":0,"39":0,"40":0,"41":0,"42":0,"43":0,"44":1},"f":{"0":0,"1":0,"2":0,"3":0,"4":0,"5":0,"6":0,"7":0,"8":0,"9":0,"10":0,"11":0,"12":0,"13":0,"14":0,"15":0,"16":0,"17":0,"18":0,"19":0,"20":0},"b":{"0":[0,0],"1":[0,0],"2":[0,0],"3":[0,0,0,0],"4":[0,0],"5":[0,0],"6":[0,0,0,0],"7":[0,0],"8":[0,0],"9":[0,0],"10":[0,0],"11":[0,0],"12":[0,0],"13":[0,0]}}
,"/Users/maximemartins/42WIP/redTetris/src/Shared/models/Game.ts": {"path":"/Users/maximemartins/42WIP/redTetris/src/Shared/models/Game.ts","statementMap":{"0":{"start":{"line":9,"column":8},"end":{"line":9,"column":null}},"1":{"start":{"line":5,"column":0},"end":{"line":5,"column":13}}},"fnMap":{"0":{"name":"(anonymous_0)","decl":{"start":{"line":8,"column":4},"end":{"line":8,"column":null}},"loc":{"start":{"line":8,"column":4},"end":{"line":10,"column":5}}}},"branchMap":{},"s":{"0":2,"1":1},"f":{"0":2},"b":{}}
,"/Users/maximemartins/42WIP/redTetris/src/Shared/models/Piece.ts": {"path":"/Users/maximemartins/42WIP/redTetris/src/Shared/models/Piece.ts","statementMap":{"0":{"start":{"line":1,"column":0},"end":{"line":1,"column":34}},"1":{"start":{"line":29,"column":8},"end":{"line":29,"column":null}},"2":{"start":{"line":30,"column":25},"end":{"line":30,"column":62}},"3":{"start":{"line":30,"column":44},"end":{"line":30,"column":61}},"4":{"start":{"line":31,"column":8},"end":{"line":31,"column":33}},"5":{"start":{"line":32,"column":8},"end":{"line":32,"column":33}},"6":{"start":{"line":33,"column":8},"end":{"line":33,"column":46}},"7":{"start":{"line":34,"column":8},"end":{"line":34,"column":44}},"8":{"start":{"line":35,"column":8},"end":{"line":35,"column":23}},"9":{"start":{"line":39,"column":27},"end":{"line":39,"column":56}},"10":{"start":{"line":41,"column":10},"end":{"line":46,"column":null}},"11":{"start":{"line":41,"column":23},"end":{"line":41,"column":24}},"12":{"start":{"line":42,"column":12},"end":{"line":45,"column":null}},"13":{"start":{"line":42,"column":25},"end":{"line":42,"column":26}},"14":{"start":{"line":43,"column":14},"end":{"line":44,"column":53}},"15":{"start":{"line":48,"column":10},"end":{"line":48,"column":59}},"16":{"start":{"line":48,"column":44},"end":{"line":48,"column":57}},"17":{"start":{"line":50,"column":8},"end":{"line":50,"column":21}},"18":{"start":{"line":19,"column":0},"end":{"line":19,"column":13}}},"fnMap":{"0":{"name":"(anonymous_0)","decl":{"start":{"line":28,"column":4},"end":{"line":28,"column":16}},"loc":{"start":{"line":28,"column":50},"end":{"line":36,"column":5}}},"1":{"name":"(anonymous_1)","decl":{"start":{"line":30,"column":37},"end":{"line":30,"column":38}},"loc":{"start":{"line":30,"column":44},"end":{"line":30,"column":61}}},"2":{"name":"(anonymous_2)","decl":{"start":{"line":38,"column":11},"end":{"line":38,"column":31}},"loc":{"start":{"line":38,"column":40},"end":{"line":51,"column":5}}},"3":{"name":"(anonymous_3)","decl":{"start":{"line":48,"column":30},"end":{"line":48,"column":31}},"loc":{"start":{"line":48,"column":44},"end":{"line":48,"column":57}}}},"branchMap":{"0":{"loc":{"start":{"line":28,"column":38},"end":{"line":28,"column":50}},"type":"default-arg","locations":[{"start":{"line":28,"column":38},"end":{"line":28,"column":50}}]}},"s":{"0":1,"1":0,"2":0,"3":0,"4":0,"5":0,"6":0,"7":0,"8":0,"9":0,"10":0,"11":0,"12":0,"13":0,"14":0,"15":0,"16":0,"17":0,"18":1},"f":{"0":0,"1":0,"2":0,"3":0},"b":{"0":[0]}}
,"/Users/maximemartins/42WIP/redTetris/src/Shared/models/Pieces.ts": {"path":"/Users/maximemartins/42WIP/redTetris/src/Shared/models/Pieces.ts","statementMap":{"0":{"start":{"line":9,"column":13},"end":{"line":81,"column":null}}},"fnMap":{},"branchMap":{},"s":{"0":1},"f":{},"b":{}}
,"/Users/maximemartins/42WIP/redTetris/src/Shared/models/Player.ts": {"path":"/Users/maximemartins/42WIP/redTetris/src/Shared/models/Player.ts","statementMap":{"0":{"start":{"line":1,"column":0},"end":{"line":1,"column":40}},"1":{"start":{"line":9,"column":23},"end":{"line":13,"column":null}},"2":{"start":{"line":35,"column":4},"end":{"line":35,"column":17}},"3":{"start":{"line":36,"column":4},"end":{"line":36,"column":21}},"4":{"start":{"line":37,"column":4},"end":{"line":37,"column":21}},"5":{"start":{"line":38,"column":4},"end":{"line":38,"column":null}},"6":{"start":{"line":39,"column":4},"end":{"line":39,"column":34}},"7":{"start":{"line":43,"column":4},"end":{"line":43,"column":null}},"8":{"start":{"line":44,"column":4},"end":{"line":44,"column":null}},"9":{"start":{"line":26,"column":0},"end":{"line":26,"column":13}}},"fnMap":{"0":{"name":"(anonymous_0)","decl":{"start":{"line":34,"column":2},"end":{"line":34,"column":14}},"loc":{"start":{"line":34,"column":52},"end":{"line":40,"column":3}}},"1":{"name":"(anonymous_1)","decl":{"start":{"line":42,"column":9},"end":{"line":42,"column":18}},"loc":{"start":{"line":42,"column":33},"end":{"line":45,"column":3}}}},"branchMap":{},"s":{"0":1,"1":1,"2":2,"3":2,"4":2,"5":2,"6":2,"7":0,"8":0,"9":1},"f":{"0":2,"1":0},"b":{}}
,"/Users/maximemartins/42WIP/redTetris/src/Shared/models/Room.ts": {"path":"/Users/maximemartins/42WIP/redTetris/src/Shared/models/Room.ts","statementMap":{"0":{"start":{"line":1,"column":0},"end":{"line":1,"column":43}},"1":{"start":{"line":2,"column":0},"end":{"line":2,"column":59}},"2":{"start":{"line":3,"column":0},"end":{"line":3,"column":37}},"3":{"start":{"line":22,"column":35},"end":{"line":36,"column":2}},"4":{"start":{"line":86,"column":9},"end":{"line":92,"column":null}},"5":{"start":{"line":87,"column":17},"end":{"line":87,"column":29}},"6":{"start":{"line":88,"column":4},"end":{"line":90,"column":null}},"7":{"start":{"line":88,"column":16},"end":{"line":88,"column":17}},"8":{"start":{"line":89,"column":6},"end":{"line":89,"column":null}},"9":{"start":{"line":91,"column":4},"end":{"line":91,"column":null}},"10":{"start":{"line":74,"column":4},"end":{"line":74,"column":17}},"11":{"start":{"line":75,"column":4},"end":{"line":75,"column":22}},"12":{"start":{"line":76,"column":4},"end":{"line":76,"column":24}},"13":{"start":{"line":77,"column":4},"end":{"line":77,"column":32}},"14":{"start":{"line":78,"column":4},"end":{"line":78,"column":25}},"15":{"start":{"line":79,"column":4},"end":{"line":79,"column":39}},"16":{"start":{"line":80,"column":4},"end":{"line":80,"column":22}},"17":{"start":{"line":81,"column":4},"end":{"line":81,"column":40}},"18":{"start":{"line":82,"column":4},"end":{"line":82,"column":19}},"19":{"start":{"line":83,"column":4},"end":{"line":83,"column":null}},"20":{"start":{"line":95,"column":26},"end":{"line":95,"column":70}},"21":{"start":{"line":96,"column":4},"end":{"line":96,"column":null}},"22":{"start":{"line":97,"column":4},"end":{"line":97,"column":30}},"23":{"start":{"line":98,"column":4},"end":{"line":98,"column":70}},"24":{"start":{"line":102,"column":4},"end":{"line":102,"column":23}},"25":{"start":{"line":106,"column":4},"end":{"line":106,"column":50}},"26":{"start":{"line":110,"column":4},"end":{"line":110,"column":75}},"27":{"start":{"line":110,"column":51},"end":{"line":110,"column":73}},"28":{"start":{"line":111,"column":4},"end":{"line":113,"column":62}},"29":{"start":{"line":113,"column":40},"end":{"line":113,"column":59}},"30":{"start":{"line":114,"column":4},"end":{"line":114,"column":17}},"31":{"start":{"line":118,"column":4},"end":{"line":124,"column":7}},"32":{"start":{"line":119,"column":6},"end":{"line":123,"column":null}},"33":{"start":{"line":120,"column":8},"end":{"line":120,"column":29}},"34":{"start":{"line":122,"column":8},"end":{"line":122,"column":22}},"35":{"start":{"line":128,"column":4},"end":{"line":128,"column":24}},"36":{"start":{"line":132,"column":4},"end":{"line":132,"column":24}},"37":{"start":{"line":133,"column":4},"end":{"line":133,"column":25}},"38":{"start":{"line":134,"column":4},"end":{"line":134,"column":39}},"39":{"start":{"line":135,"column":4},"end":{"line":135,"column":22}},"40":{"start":{"line":136,"column":4},"end":{"line":136,"column":40}},"41":{"start":{"line":137,"column":4},"end":{"line":137,"column":19}},"42":{"start":{"line":138,"column":4},"end":{"line":138,"column":null}},"43":{"start":{"line":61,"column":0},"end":{"line":61,"column":13}}},"fnMap":{"0":{"name":"(anonymous_0)","decl":{"start":{"line":73,"column":2},"end":{"line":73,"column":14}},"loc":{"start":{"line":73,"column":24},"end":{"line":84,"column":3}}},"1":{"name":"(anonymous_1)","decl":{"start":{"line":86,"column":21},"end":{"line":86,"column":24}},"loc":{"start":{"line":86,"column":26},"end":{"line":92,"column":3}}},"2":{"name":"(anonymous_2)","decl":{"start":{"line":94,"column":9},"end":{"line":94,"column":18}},"loc":{"start":{"line":94,"column":75},"end":{"line":99,"column":3}}},"3":{"name":"(anonymous_3)","decl":{"start":{"line":101,"column":9},"end":{"line":101,"column":18}},"loc":{"start":{"line":101,"column":18},"end":{"line":103,"column":3}}},"4":{"name":"(anonymous_4)","decl":{"start":{"line":105,"column":9},"end":{"line":105,"column":15}},"loc":{"start":{"line":105,"column":15},"end":{"line":107,"column":3}}},"5":{"name":"(anonymous_5)","decl":{"start":{"line":109,"column":9},"end":{"line":109,"column":21}},"loc":{"start":{"line":109,"column":54},"end":{"line":115,"column":3}}},"6":{"name":"(anonymous_6)","decl":{"start":{"line":110,"column":39},"end":{"line":110,"column":40}},"loc":{"start":{"line":110,"column":51},"end":{"line":110,"column":73}}},"7":{"name":"(anonymous_7)","decl":{"start":{"line":113,"column":30},"end":{"line":113,"column":31}},"loc":{"start":{"line":113,"column":40},"end":{"line":113,"column":59}}},"8":{"name":"(anonymous_8)","decl":{"start":{"line":117,"column":9},"end":{"line":117,"column":21}},"loc":{"start":{"line":117,"column":44},"end":{"line":125,"column":3}}},"9":{"name":"(anonymous_9)","decl":{"start":{"line":118,"column":36},"end":{"line":118,"column":37}},"loc":{"start":{"line":118,"column":47},"end":{"line":124,"column":5}}},"10":{"name":"(anonymous_10)","decl":{"start":{"line":127,"column":9},"end":{"line":127,"column":16}},"loc":{"start":{"line":127,"column":16},"end":{"line":129,"column":3}}},"11":{"name":"(anonymous_11)","decl":{"start":{"line":131,"column":9},"end":{"line":131,"column":18}},"loc":{"start":{"line":131,"column":18},"end":{"line":140,"column":3}}}},"branchMap":{"0":{"loc":{"start":{"line":98,"column":18},"end":{"line":98,"column":36}},"type":"cond-expr","locations":[{"start":{"line":98,"column":18},"end":{"line":98,"column":36}},{"start":{"line":98,"column":41},"end":{"line":98,"column":68}}]},"1":{"loc":{"start":{"line":106,"column":37},"end":{"line":106,"column":41}},"type":"cond-expr","locations":[{"start":{"line":106,"column":37},"end":{"line":106,"column":41}},{"start":{"line":106,"column":44},"end":{"line":106,"column":49}}]},"2":{"loc":{"start":{"line":112,"column":9},"end":{"line":112,"column":36}},"type":"cond-expr","locations":[{"start":{"line":112,"column":9},"end":{"line":112,"column":36}},{"start":{"line":113,"column":9},"end":{"line":113,"column":60}}]},"3":{"loc":{"start":{"line":119,"column":6},"end":{"line":123,"column":null}},"type":"if","locations":[{"start":{"line":119,"column":6},"end":{"line":123,"column":null}},{"start":{"line":119,"column":6},"end":{"line":123,"column":null}}]}},"s":{"0":1,"1":1,"2":1,"3":1,"4":2,"5":2,"6":2,"7":2,"8":30,"9":2,"10":2,"11":2,"12":2,"13":2,"14":2,"15":2,"16":2,"17":2,"18":2,"19":2,"20":0,"21":0,"22":0,"23":0,"24":0,"25":0,"26":0,"27":0,"28":0,"29":0,"30":0,"31":0,"32":0,"33":0,"34":0,"35":0,"36":0,"37":0,"38":0,"39":0,"40":0,"41":0,"42":0,"43":1},"f":{"0":2,"1":2,"2":0,"3":0,"4":0,"5":0,"6":0,"7":0,"8":0,"9":0,"10":0,"11":0},"b":{"0":[0,0],"1":[0,0],"2":[0,0],"3":[0,0]}}
,"/Users/maximemartins/42WIP/redTetris/src/client/components/HomePage/Formulaire.tsx": {"path":"/Users/maximemartins/42WIP/redTetris/src/client/components/HomePage/Formulaire.tsx","statementMap":{"0":{"start":{"line":1,"column":0},"end":{"line":1,"column":64}},"1":{"start":{"line":2,"column":0},"end":{"line":2,"column":52}},"2":{"start":{"line":3,"column":0},"end":{"line":3,"column":46}},"3":{"start":{"line":4,"column":0},"end":{"line":4,"column":26}},"4":{"start":{"line":11,"column":38},"end":{"line":72,"column":1}},"5":{"start":{"line":12,"column":28},"end":{"line":16,"column":4}},"6":{"start":{"line":18,"column":28},"end":{"line":23,"column":3}},"7":{"start":{"line":19,"column":4},"end":{"line":22,"column":7}},"8":{"start":{"line":25,"column":28},"end":{"line":30,"column":3}},"9":{"start":{"line":26,"column":4},"end":{"line":29,"column":7}},"10":{"start":{"line":32,"column":22},"end":{"line":36,"column":3}},"11":{"start":{"line":33,"column":4},"end":{"line":33,"column":23}},"12":{"start":{"line":34,"column":18},"end":{"line":34,"column":38}},"13":{"start":{"line":35,"column":4},"end":{"line":35,"column":36}},"14":{"start":{"line":38,"column":2},"end":{"line":71,"column":4}},"15":{"start":{"line":48,"column":58},"end":{"line":48,"column":78}},"16":{"start":{"line":59,"column":58},"end":{"line":59,"column":78}},"17":{"start":{"line":65,"column":35},"end":{"line":65,"column":49}},"18":{"start":{"line":74,"column":0},"end":{"line":74,"column":28}}},"fnMap":{"0":{"name":"(anonymous_0)","decl":{"start":{"line":11,"column":38},"end":{"line":11,"column":39}},"loc":{"start":{"line":11,"column":48},"end":{"line":72,"column":1}}},"1":{"name":"(anonymous_1)","decl":{"start":{"line":18,"column":28},"end":{"line":18,"column":29}},"loc":{"start":{"line":18,"column":65},"end":{"line":23,"column":3}}},"2":{"name":"(anonymous_2)","decl":{"start":{"line":25,"column":28},"end":{"line":25,"column":29}},"loc":{"start":{"line":25,"column":65},"end":{"line":30,"column":3}}},"3":{"name":"(anonymous_3)","decl":{"start":{"line":32,"column":22},"end":{"line":32,"column":23}},"loc":{"start":{"line":32,"column":39},"end":{"line":36,"column":3}}},"4":{"name":"(anonymous_4)","decl":{"start":{"line":48,"column":20},"end":{"line":48,"column":21}},"loc":{"start":{"line":48,"column":58},"end":{"line":48,"column":78}}},"5":{"name":"(anonymous_5)","decl":{"start":{"line":59,"column":20},"end":{"line":59,"column":21}},"loc":{"start":{"line":59,"column":58},"end":{"line":59,"column":78}}},"6":{"name":"(anonymous_6)","decl":{"start":{"line":65,"column":17},"end":{"line":65,"column":18}},"loc":{"start":{"line":65,"column":35},"end":{"line":65,"column":49}}}},"branchMap":{},"s":{"0":1,"1":1,"2":1,"3":1,"4":1,"5":1,"6":1,"7":0,"8":1,"9":0,"10":1,"11":1,"12":1,"13":1,"14":1,"15":0,"16":0,"17":1,"18":1},"f":{"0":1,"1":0,"2":0,"3":1,"4":0,"5":0,"6":1},"b":{}}
,"/Users/maximemartins/42WIP/redTetris/src/client/components/UI/Logo/Logo.tsx": {"path":"/Users/maximemartins/42WIP/redTetris/src/client/components/UI/Logo/Logo.tsx","statementMap":{"0":{"start":{"line":1,"column":0},"end":{"line":1,"column":26}},"1":{"start":{"line":4,"column":0},"end":{"line":4,"column":20}},"2":{"start":{"line":7,"column":0},"end":{"line":7,"column":64}},"3":{"start":{"line":9,"column":13},"end":{"line":12,"column":null}},"4":{"start":{"line":10,"column":2},"end":{"line":11,"column":null}},"5":{"start":{"line":15,"column":0},"end":{"line":15,"column":20}}},"fnMap":{"0":{"name":"(anonymous_0)","decl":{"start":{"line":9,"column":13},"end":{"line":9,"column":16}},"loc":{"start":{"line":10,"column":2},"end":{"line":11,"column":null}}}},"branchMap":{},"s":{"0":1,"1":1,"2":1,"3":1,"4":0,"5":1},"f":{"0":0},"b":{}}
,"/Users/maximemartins/42WIP/redTetris/src/client/components/UI/Music/MusicButton.tsx": {"path":"/Users/maximemartins/42WIP/redTetris/src/client/components/UI/Music/MusicButton.tsx","statementMap":{"0":{"start":{"line":1,"column":0},"end":{"line":1,"column":40}},"1":{"start":{"line":2,"column":0},"end":{"line":2,"column":47}},"2":{"start":{"line":3,"column":0},"end":{"line":3,"column":55}},"3":{"start":{"line":4,"column":0},"end":{"line":4,"column":57}},"4":{"start":{"line":11,"column":37},"end":{"line":44,"column":1}},"5":{"start":{"line":12,"column":30},"end":{"line":12,"column":56}},"6":{"start":{"line":14,"column":23},"end":{"line":30,"column":3}},"7":{"start":{"line":15,"column":4},"end":{"line":28,"column":null}},"8":{"start":{"line":16,"column":6},"end":{"line":19,"column":null}},"9":{"start":{"line":20,"column":6},"end":{"line":20,"column":31}},"10":{"start":{"line":21,"column":6},"end":{"line":21,"column":26}},"11":{"start":{"line":23,"column":6},"end":{"line":26,"column":null}},"12":{"start":{"line":27,"column":6},"end":{"line":27,"column":27}},"13":{"start":{"line":29,"column":4},"end":{"line":29,"column":null}},"14":{"start":{"line":32,"column":2},"end":{"line":43,"column":4}},"15":{"start":{"line":38,"column":23},"end":{"line":38,"column":37}},"16":{"start":{"line":46,"column":0},"end":{"line":46,"column":27}}},"fnMap":{"0":{"name":"(anonymous_0)","decl":{"start":{"line":11,"column":37},"end":{"line":11,"column":38}},"loc":{"start":{"line":11,"column":47},"end":{"line":44,"column":1}}},"1":{"name":"(anonymous_1)","decl":{"start":{"line":14,"column":23},"end":{"line":14,"column":26}},"loc":{"start":{"line":14,"column":28},"end":{"line":30,"column":3}}},"2":{"name":"(anonymous_2)","decl":{"start":{"line":38,"column":17},"end":{"line":38,"column":20}},"loc":{"start":{"line":38,"column":23},"end":{"line":38,"column":37}}}},"branchMap":{"0":{"loc":{"start":{"line":15,"column":4},"end":{"line":28,"column":null}},"type":"if","locations":[{"start":{"line":15,"column":4},"end":{"line":28,"column":null}},{"start":{"line":15,"column":4},"end":{"line":28,"column":null}}]},"1":{"loc":{"start":{"line":40,"column":21},"end":{"line":40,"column":37}},"type":"cond-expr","locations":[{"start":{"line":40,"column":21},"end":{"line":40,"column":37}},{"start":{"line":40,"column":40},"end":{"line":40,"column":57}}]}},"s":{"0":1,"1":1,"2":1,"3":1,"4":1,"5":0,"6":0,"7":0,"8":0,"9":0,"10":0,"11":0,"12":0,"13":0,"14":0,"15":0,"16":1},"f":{"0":0,"1":0,"2":0},"b":{"0":[0,0],"1":[0,0]}}
,"/Users/maximemartins/42WIP/redTetris/src/client/containers/HomePage/HomePage.tsx": {"path":"/Users/maximemartins/42WIP/redTetris/src/client/containers/HomePage/HomePage.tsx","statementMap":{"0":{"start":{"line":1,"column":0},"end":{"line":1,"column":26}},"1":{"start":{"line":2,"column":0},"end":{"line":2,"column":38}},"2":{"start":{"line":9,"column":0},"end":{"line":9,"column":62}},"3":{"start":{"line":10,"column":0},"end":{"line":10,"column":59}},"4":{"start":{"line":12,"column":0},"end":{"line":12,"column":44}},"5":{"start":{"line":13,"column":0},"end":{"line":13,"column":49}},"6":{"start":{"line":14,"column":0},"end":{"line":14,"column":64}},"7":{"start":{"line":15,"column":0},"end":{"line":15,"column":41}},"8":{"start":{"line":16,"column":0},"end":{"line":16,"column":44}},"9":{"start":{"line":19,"column":0},"end":{"line":19,"column":24}},"10":{"start":{"line":34,"column":13},"end":{"line":78,"column":2}},"11":{"start":{"line":36,"column":31},"end":{"line":36,"column":36}},"12":{"start":{"line":38,"column":2},"end":{"line":40,"column":25}},"13":{"start":{"line":39,"column":4},"end":{"line":39,"column":23}},"14":{"start":{"line":42,"column":25},"end":{"line":46,"column":3}},"15":{"start":{"line":43,"column":4},"end":{"line":43,"column":34}},"16":{"start":{"line":44,"column":4},"end":{"line":44,"column":36}},"17":{"start":{"line":45,"column":4},"end":{"line":45,"column":25}},"18":{"start":{"line":50,"column":2},"end":{"line":52,"column":null}},"19":{"start":{"line":51,"column":4},"end":{"line":51,"column":71}},"20":{"start":{"line":54,"column":2},"end":{"line":77,"column":4}},"21":{"start":{"line":56,"column":59},"end":{"line":56,"column":83}},"22":{"start":{"line":62,"column":43},"end":{"line":62,"column":67}},"23":{"start":{"line":80,"column":24},"end":{"line":89,"column":1}},"24":{"start":{"line":81,"column":2},"end":{"line":88,"column":4}},"25":{"start":{"line":91,"column":27},"end":{"line":96,"column":2}},"26":{"start":{"line":92,"column":26},"end":{"line":92,"column":50}},"27":{"start":{"line":93,"column":41},"end":{"line":93,"column":68}},"28":{"start":{"line":94,"column":22},"end":{"line":94,"column":45}},"29":{"start":{"line":95,"column":31},"end":{"line":95,"column":51}},"30":{"start":{"line":98,"column":0},"end":{"line":98,"column":70}}},"fnMap":{"0":{"name":"(anonymous_0)","decl":{"start":{"line":34,"column":42},"end":{"line":34,"column":43}},"loc":{"start":{"line":34,"column":52},"end":{"line":78,"column":1}}},"1":{"name":"(anonymous_1)","decl":{"start":{"line":38,"column":18},"end":{"line":38,"column":21}},"loc":{"start":{"line":38,"column":23},"end":{"line":40,"column":3}}},"2":{"name":"(anonymous_2)","decl":{"start":{"line":42,"column":25},"end":{"line":42,"column":26}},"loc":{"start":{"line":42,"column":43},"end":{"line":46,"column":3}}},"3":{"name":"(anonymous_3)","decl":{"start":{"line":56,"column":48},"end":{"line":56,"column":49}},"loc":{"start":{"line":56,"column":59},"end":{"line":56,"column":83}}},"4":{"name":"(anonymous_4)","decl":{"start":{"line":62,"column":29},"end":{"line":62,"column":30}},"loc":{"start":{"line":62,"column":43},"end":{"line":62,"column":67}}},"5":{"name":"(anonymous_5)","decl":{"start":{"line":80,"column":24},"end":{"line":80,"column":25}},"loc":{"start":{"line":80,"column":45},"end":{"line":89,"column":1}}},"6":{"name":"(anonymous_6)","decl":{"start":{"line":92,"column":20},"end":{"line":92,"column":23}},"loc":{"start":{"line":92,"column":26},"end":{"line":92,"column":50}}},"7":{"name":"(anonymous_7)","decl":{"start":{"line":93,"column":19},"end":{"line":93,"column":20}},"loc":{"start":{"line":93,"column":41},"end":{"line":93,"column":68}}},"8":{"name":"(anonymous_8)","decl":{"start":{"line":94,"column":16},"end":{"line":94,"column":19}},"loc":{"start":{"line":94,"column":22},"end":{"line":94,"column":45}}},"9":{"name":"(anonymous_9)","decl":{"start":{"line":95,"column":15},"end":{"line":95,"column":16}},"loc":{"start":{"line":95,"column":31},"end":{"line":95,"column":51}}}},"branchMap":{"0":{"loc":{"start":{"line":50,"column":2},"end":{"line":52,"column":null}},"type":"if","locations":[{"start":{"line":50,"column":2},"end":{"line":52,"column":null}},{"start":{"line":50,"column":2},"end":{"line":52,"column":null}}]},"1":{"loc":{"start":{"line":50,"column":6},"end":{"line":50,"column":20}},"type":"binary-expr","locations":[{"start":{"line":50,"column":6},"end":{"line":50,"column":20}},{"start":{"line":50,"column":24},"end":{"line":50,"column":37}},{"start":{"line":50,"column":41},"end":{"line":50,"column":58}},{"start":{"line":50,"column":62},"end":{"line":50,"column":74}}]},"2":{"loc":{"start":{"line":67,"column":14},"end":{"line":67,"column":32}},"type":"binary-expr","locations":[{"start":{"line":67,"column":14},"end":{"line":67,"column":32}},{"start":{"line":67,"column":36},"end":{"line":67,"column":61}}]}},"s":{"0":1,"1":1,"2":1,"3":1,"4":1,"5":1,"6":1,"7":1,"8":1,"9":1,"10":1,"11":7,"12":7,"13":5,"14":7,"15":0,"16":0,"17":0,"18":7,"19":1,"20":6,"21":0,"22":0,"23":1,"24":0,"25":1,"26":0,"27":0,"28":0,"29":0,"30":1},"f":{"0":7,"1":5,"2":0,"3":0,"4":0,"5":0,"6":0,"7":0,"8":0,"9":0},"b":{"0":[1,6],"1":[7,1,1,1],"2":[6,1]}}
,"/Users/maximemartins/42WIP/redTetris/src/client/store/actions/actionTypes.ts": {"path":"/Users/maximemartins/42WIP/redTetris/src/client/store/actions/actionTypes.ts","statementMap":{"0":{"start":{"line":1,"column":13},"end":{"line":1,"column":51}},"1":{"start":{"line":2,"column":13},"end":{"line":2,"column":39}},"2":{"start":{"line":3,"column":13},"end":{"line":3,"column":49}},"3":{"start":{"line":4,"column":13},"end":{"line":4,"column":39}},"4":{"start":{"line":5,"column":13},"end":{"line":5,"column":43}},"5":{"start":{"line":6,"column":13},"end":{"line":6,"column":39}},"6":{"start":{"line":7,"column":13},"end":{"line":7,"column":29}},"7":{"start":{"line":8,"column":13},"end":{"line":8,"column":null}},"8":{"start":{"line":9,"column":13},"end":{"line":9,"column":null}},"9":{"start":{"line":10,"column":13},"end":{"line":10,"column":null}},"10":{"start":{"line":11,"column":13},"end":{"line":11,"column":null}},"11":{"start":{"line":12,"column":13},"end":{"line":12,"column":null}},"12":{"start":{"line":13,"column":13},"end":{"line":13,"column":null}},"13":{"start":{"line":14,"column":13},"end":{"line":14,"column":null}},"14":{"start":{"line":15,"column":13},"end":{"line":15,"column":null}},"15":{"start":{"line":16,"column":13},"end":{"line":16,"column":null}}},"fnMap":{},"branchMap":{},"s":{"0":1,"1":1,"2":1,"3":1,"4":1,"5":1,"6":1,"7":1,"8":1,"9":1,"10":1,"11":1,"12":1,"13":1,"14":1,"15":1},"f":{},"b":{}}
,"/Users/maximemartins/42WIP/redTetris/src/client/store/actions/roomActions.ts": {"path":"/Users/maximemartins/42WIP/redTetris/src/client/store/actions/roomActions.ts","statementMap":{"0":{"start":{"line":1,"column":0},"end":{"line":1,"column":45}},"1":{"start":{"line":8,"column":0},"end":{"line":8,"column":null}},"2":{"start":{"line":9,"column":2},"end":{"line":9,"column":null}},"3":{"start":{"line":10,"column":2},"end":{"line":10,"column":null}},"4":{"start":{"line":11,"column":2},"end":{"line":11,"column":null}},"5":{"start":{"line":12,"column":2},"end":{"line":12,"column":null}},"6":{"start":{"line":13,"column":2},"end":{"line":13,"column":null}},"7":{"start":{"line":14,"column":2},"end":{"line":14,"column":null}},"8":{"start":{"line":15,"column":2},"end":{"line":15,"column":null}},"9":{"start":{"line":16,"column":2},"end":{"line":16,"column":null}},"10":{"start":{"line":17,"column":2},"end":{"line":17,"column":null}},"11":{"start":{"line":18,"column":2},"end":{"line":18,"column":null}},"12":{"start":{"line":19,"column":2},"end":{"line":19,"column":null}},"13":{"start":{"line":20,"column":2},"end":{"line":20,"column":null}},"14":{"start":{"line":21,"column":2},"end":{"line":21,"column":null}},"15":{"start":{"line":22,"column":2},"end":{"line":22,"column":null}},"16":{"start":{"line":23,"column":2},"end":{"line":23,"column":null}},"17":{"start":{"line":24,"column":2},"end":{"line":24,"column":null}},"18":{"start":{"line":25,"column":2},"end":{"line":25,"column":null}},"19":{"start":{"line":38,"column":13},"end":{"line":60,"column":2}},"20":{"start":{"line":44,"column":2},"end":{"line":59,"column":4}},"21":{"start":{"line":44,"column":28},"end":{"line":59,"column":4}},"22":{"start":{"line":45,"column":4},"end":{"line":58,"column":7}},"23":{"start":{"line":46,"column":6},"end":{"line":57,"column":9}},"24":{"start":{"line":50,"column":10},"end":{"line":55,"column":12}},"25":{"start":{"line":69,"column":13},"end":{"line":77,"column":2}},"26":{"start":{"line":70,"column":2},"end":{"line":70,"column":39}},"27":{"start":{"line":71,"column":2},"end":{"line":76,"column":4}},"28":{"start":{"line":86,"column":13},"end":{"line":93,"column":2}},"29":{"start":{"line":87,"column":2},"end":{"line":87,"column":40}},"30":{"start":{"line":89,"column":2},"end":{"line":92,"column":4}},"31":{"start":{"line":110,"column":13},"end":{"line":135,"column":2}},"32":{"start":{"line":117,"column":2},"end":{"line":134,"column":4}},"33":{"start":{"line":117,"column":28},"end":{"line":134,"column":4}},"34":{"start":{"line":118,"column":4},"end":{"line":133,"column":7}},"35":{"start":{"line":119,"column":6},"end":{"line":132,"column":9}},"36":{"start":{"line":123,"column":10},"end":{"line":130,"column":12}},"37":{"start":{"line":153,"column":13},"end":{"line":158,"column":2}},"38":{"start":{"line":154,"column":2},"end":{"line":154,"column":null}},"39":{"start":{"line":155,"column":2},"end":{"line":157,"column":4}},"40":{"start":{"line":160,"column":13},"end":{"line":172,"column":2}},"41":{"start":{"line":161,"column":15},"end":{"line":164,"column":4}},"42":{"start":{"line":165,"column":2},"end":{"line":165,"column":null}},"43":{"start":{"line":166,"column":2},"end":{"line":171,"column":4}},"44":{"start":{"line":181,"column":13},"end":{"line":187,"column":2}},"45":{"start":{"line":182,"column":2},"end":{"line":182,"column":null}},"46":{"start":{"line":183,"column":2},"end":{"line":186,"column":4}},"47":{"start":{"line":202,"column":13},"end":{"line":226,"column":2}},"48":{"start":{"line":209,"column":2},"end":{"line":225,"column":4}},"49":{"start":{"line":209,"column":28},"end":{"line":225,"column":4}},"50":{"start":{"line":210,"column":4},"end":{"line":224,"column":7}},"51":{"start":{"line":211,"column":6},"end":{"line":223,"column":9}},"52":{"start":{"line":215,"column":10},"end":{"line":221,"column":12}},"53":{"start":{"line":259,"column":13},"end":{"line":266,"column":null}},"54":{"start":{"line":260,"column":2},"end":{"line":260,"column":null}},"55":{"start":{"line":261,"column":2},"end":{"line":265,"column":null}},"56":{"start":{"line":275,"column":13},"end":{"line":281,"column":2}},"57":{"start":{"line":276,"column":2},"end":{"line":280,"column":4}},"58":{"start":{"line":303,"column":13},"end":{"line":309,"column":2}},"59":{"start":{"line":304,"column":2},"end":{"line":308,"column":4}},"60":{"start":{"line":319,"column":13},"end":{"line":326,"column":2}},"61":{"start":{"line":320,"column":2},"end":{"line":320,"column":null}},"62":{"start":{"line":321,"column":2},"end":{"line":325,"column":4}},"63":{"start":{"line":334,"column":13},"end":{"line":339,"column":null}},"64":{"start":{"line":335,"column":2},"end":{"line":338,"column":null}},"65":{"start":{"line":361,"column":13},"end":{"line":385,"column":2}},"66":{"start":{"line":367,"column":2},"end":{"line":367,"column":null}},"67":{"start":{"line":368,"column":2},"end":{"line":384,"column":4}},"68":{"start":{"line":368,"column":28},"end":{"line":384,"column":4}},"69":{"start":{"line":369,"column":4},"end":{"line":383,"column":7}},"70":{"start":{"line":370,"column":6},"end":{"line":382,"column":9}},"71":{"start":{"line":374,"column":10},"end":{"line":374,"column":null}},"72":{"start":{"line":375,"column":10},"end":{"line":380,"column":12}},"73":{"start":{"line":396,"column":13},"end":{"line":419,"column":2}},"74":{"start":{"line":402,"column":2},"end":{"line":418,"column":4}},"75":{"start":{"line":402,"column":28},"end":{"line":418,"column":4}},"76":{"start":{"line":403,"column":4},"end":{"line":417,"column":7}},"77":{"start":{"line":404,"column":6},"end":{"line":416,"column":9}},"78":{"start":{"line":408,"column":10},"end":{"line":414,"column":12}}},"fnMap":{"0":{"name":"(anonymous_0)","decl":{"start":{"line":8,"column":0},"end":{"line":8,"column":12}},"loc":{"start":{"line":8,"column":29},"end":{"line":26,"column":1}}},"1":{"name":"(anonymous_1)","decl":{"start":{"line":43,"column":5},"end":{"line":43,"column":8}},"loc":{"start":{"line":43,"column":10},"end":{"line":60,"column":1}}},"2":{"name":"(anonymous_2)","decl":{"start":{"line":44,"column":9},"end":{"line":44,"column":16}},"loc":{"start":{"line":44,"column":28},"end":{"line":59,"column":4}}},"3":{"name":"(anonymous_3)","decl":{"start":{"line":44,"column":28},"end":{"line":44,"column":null}},"loc":{"start":{"line":44,"column":28},"end":{"line":59,"column":3}}},"4":{"name":"(anonymous_4)","decl":{"start":{"line":45,"column":28},"end":{"line":45,"column":29}},"loc":{"start":{"line":45,"column":40},"end":{"line":58,"column":5}}},"5":{"name":"(anonymous_5)","decl":{"start":{"line":49,"column":16},"end":{"line":49,"column":17}},"loc":{"start":{"line":49,"column":33},"end":{"line":56,"column":9}}},"6":{"name":"(anonymous_6)","decl":{"start":{"line":69,"column":25},"end":{"line":69,"column":26}},"loc":{"start":{"line":69,"column":43},"end":{"line":77,"column":1}}},"7":{"name":"(anonymous_7)","decl":{"start":{"line":86,"column":21},"end":{"line":86,"column":23}},"loc":{"start":{"line":86,"column":37},"end":{"line":93,"column":1}}},"8":{"name":"(anonymous_8)","decl":{"start":{"line":115,"column":5},"end":{"line":115,"column":8}},"loc":{"start":{"line":115,"column":10},"end":{"line":135,"column":1}}},"9":{"name":"(anonymous_9)","decl":{"start":{"line":117,"column":9},"end":{"line":117,"column":16}},"loc":{"start":{"line":117,"column":28},"end":{"line":134,"column":4}}},"10":{"name":"(anonymous_10)","decl":{"start":{"line":117,"column":28},"end":{"line":117,"column":null}},"loc":{"start":{"line":117,"column":28},"end":{"line":134,"column":3}}},"11":{"name":"(anonymous_11)","decl":{"start":{"line":118,"column":28},"end":{"line":118,"column":29}},"loc":{"start":{"line":118,"column":40},"end":{"line":133,"column":5}}},"12":{"name":"(anonymous_12)","decl":{"start":{"line":122,"column":16},"end":{"line":122,"column":17}},"loc":{"start":{"line":122,"column":40},"end":{"line":131,"column":9}}},"13":{"name":"(anonymous_13)","decl":{"start":{"line":153,"column":32},"end":{"line":153,"column":35}},"loc":{"start":{"line":153,"column":37},"end":{"line":158,"column":1}}},"14":{"name":"(anonymous_14)","decl":{"start":{"line":160,"column":25},"end":{"line":160,"column":26}},"loc":{"start":{"line":160,"column":54},"end":{"line":172,"column":1}}},"15":{"name":"(anonymous_15)","decl":{"start":{"line":181,"column":31},"end":{"line":181,"column":32}},"loc":{"start":{"line":181,"column":53},"end":{"line":187,"column":1}}},"16":{"name":"(anonymous_16)","decl":{"start":{"line":207,"column":5},"end":{"line":207,"column":8}},"loc":{"start":{"line":207,"column":10},"end":{"line":226,"column":1}}},"17":{"name":"(anonymous_17)","decl":{"start":{"line":209,"column":9},"end":{"line":209,"column":16}},"loc":{"start":{"line":209,"column":28},"end":{"line":225,"column":4}}},"18":{"name":"(anonymous_18)","decl":{"start":{"line":209,"column":28},"end":{"line":209,"column":null}},"loc":{"start":{"line":209,"column":28},"end":{"line":225,"column":3}}},"19":{"name":"(anonymous_19)","decl":{"start":{"line":210,"column":28},"end":{"line":210,"column":29}},"loc":{"start":{"line":210,"column":40},"end":{"line":224,"column":5}}},"20":{"name":"(anonymous_20)","decl":{"start":{"line":214,"column":16},"end":{"line":214,"column":17}},"loc":{"start":{"line":214,"column":42},"end":{"line":222,"column":9}}},"21":{"name":"(anonymous_21)","decl":{"start":{"line":259,"column":33},"end":{"line":259,"column":34}},"loc":{"start":{"line":259,"column":66},"end":{"line":266,"column":1}}},"22":{"name":"(anonymous_22)","decl":{"start":{"line":275,"column":25},"end":{"line":275,"column":26}},"loc":{"start":{"line":275,"column":41},"end":{"line":281,"column":1}}},"23":{"name":"(anonymous_23)","decl":{"start":{"line":303,"column":32},"end":{"line":303,"column":33}},"loc":{"start":{"line":303,"column":79},"end":{"line":309,"column":1}}},"24":{"name":"(anonymous_24)","decl":{"start":{"line":319,"column":25},"end":{"line":319,"column":26}},"loc":{"start":{"line":319,"column":58},"end":{"line":326,"column":1}}},"25":{"name":"(anonymous_25)","decl":{"start":{"line":334,"column":23},"end":{"line":334,"column":24}},"loc":{"start":{"line":334,"column":41},"end":{"line":339,"column":1}}},"26":{"name":"(anonymous_26)","decl":{"start":{"line":366,"column":5},"end":{"line":366,"column":8}},"loc":{"start":{"line":366,"column":10},"end":{"line":385,"column":1}}},"27":{"name":"(anonymous_27)","decl":{"start":{"line":368,"column":9},"end":{"line":368,"column":16}},"loc":{"start":{"line":368,"column":28},"end":{"line":384,"column":4}}},"28":{"name":"(anonymous_28)","decl":{"start":{"line":368,"column":28},"end":{"line":368,"column":null}},"loc":{"start":{"line":368,"column":28},"end":{"line":384,"column":3}}},"29":{"name":"(anonymous_29)","decl":{"start":{"line":369,"column":28},"end":{"line":369,"column":29}},"loc":{"start":{"line":369,"column":40},"end":{"line":383,"column":5}}},"30":{"name":"(anonymous_30)","decl":{"start":{"line":373,"column":16},"end":{"line":373,"column":17}},"loc":{"start":{"line":373,"column":30},"end":{"line":381,"column":9}}},"31":{"name":"(anonymous_31)","decl":{"start":{"line":401,"column":5},"end":{"line":401,"column":8}},"loc":{"start":{"line":401,"column":10},"end":{"line":419,"column":1}}},"32":{"name":"(anonymous_32)","decl":{"start":{"line":402,"column":9},"end":{"line":402,"column":16}},"loc":{"start":{"line":402,"column":28},"end":{"line":418,"column":4}}},"33":{"name":"(anonymous_33)","decl":{"start":{"line":402,"column":28},"end":{"line":402,"column":null}},"loc":{"start":{"line":402,"column":28},"end":{"line":418,"column":3}}},"34":{"name":"(anonymous_34)","decl":{"start":{"line":403,"column":28},"end":{"line":403,"column":29}},"loc":{"start":{"line":403,"column":40},"end":{"line":417,"column":5}}},"35":{"name":"(anonymous_35)","decl":{"start":{"line":407,"column":16},"end":{"line":407,"column":17}},"loc":{"start":{"line":407,"column":30},"end":{"line":415,"column":9}}}},"branchMap":{"0":{"loc":{"start":{"line":8,"column":12},"end":{"line":8,"column":29}},"type":"binary-expr","locations":[{"start":{"line":8,"column":12},"end":{"line":8,"column":29}},{"start":{"line":8,"column":12},"end":{"line":8,"column":null}}]}},"s":{"0":1,"1":1,"2":1,"3":1,"4":1,"5":1,"6":1,"7":1,"8":1,"9":1,"10":1,"11":1,"12":1,"13":1,"14":1,"15":1,"16":1,"17":1,"18":1,"19":1,"20":0,"21":0,"22":0,"23":0,"24":0,"25":1,"26":0,"27":0,"28":1,"29":0,"30":0,"31":1,"32":0,"33":0,"34":0,"35":0,"36":0,"37":1,"38":0,"39":0,"40":1,"41":0,"42":0,"43":0,"44":1,"45":0,"46":0,"47":1,"48":0,"49":0,"50":0,"51":0,"52":0,"53":1,"54":0,"55":0,"56":1,"57":0,"58":1,"59":0,"60":1,"61":0,"62":0,"63":1,"64":0,"65":1,"66":0,"67":0,"68":0,"69":0,"70":0,"71":0,"72":0,"73":1,"74":0,"75":0,"76":0,"77":0,"78":0},"f":{"0":1,"1":0,"2":0,"3":0,"4":0,"5":0,"6":0,"7":0,"8":0,"9":0,"10":0,"11":0,"12":0,"13":0,"14":0,"15":0,"16":0,"17":0,"18":0,"19":0,"20":0,"21":0,"22":0,"23":0,"24":0,"25":0,"26":0,"27":0,"28":0,"29":0,"30":0,"31":0,"32":0,"33":0,"34":0,"35":0},"b":{"0":[1,1]}}
}
