{"/Users/mmartins/projects/Red_Tetris_git/src/client/store/actions/actionTypes.ts": {"path":"/Users/mmartins/projects/Red_Tetris_git/src/client/store/actions/actionTypes.ts","statementMap":{"0":{"start":{"line":1,"column":13},"end":{"line":1,"column":51}},"1":{"start":{"line":2,"column":13},"end":{"line":2,"column":39}},"2":{"start":{"line":3,"column":13},"end":{"line":3,"column":49}},"3":{"start":{"line":4,"column":13},"end":{"line":4,"column":39}},"4":{"start":{"line":5,"column":13},"end":{"line":5,"column":43}},"5":{"start":{"line":6,"column":13},"end":{"line":6,"column":39}},"6":{"start":{"line":7,"column":13},"end":{"line":7,"column":29}}},"fnMap":{},"branchMap":{},"s":{"0":1,"1":1,"2":1,"3":1,"4":1,"5":1,"6":1},"f":{},"b":{}}
,"/Users/mmartins/projects/Red_Tetris_git/src/client/store/actions/roomActions.ts": {"path":"/Users/mmartins/projects/Red_Tetris_git/src/client/store/actions/roomActions.ts","statementMap":{"0":{"start":{"line":1,"column":0},"end":{"line":1,"column":45}},"1":{"start":{"line":10,"column":0},"end":{"line":10,"column":null}},"2":{"start":{"line":11,"column":2},"end":{"line":11,"column":null}},"3":{"start":{"line":12,"column":2},"end":{"line":12,"column":null}},"4":{"start":{"line":13,"column":2},"end":{"line":13,"column":null}},"5":{"start":{"line":14,"column":2},"end":{"line":14,"column":null}},"6":{"start":{"line":15,"column":2},"end":{"line":15,"column":null}},"7":{"start":{"line":16,"column":2},"end":{"line":16,"column":null}},"8":{"start":{"line":17,"column":2},"end":{"line":17,"column":null}},"9":{"start":{"line":18,"column":2},"end":{"line":18,"column":null}},"10":{"start":{"line":21,"column":26},"end":{"line":31,"column":2}},"11":{"start":{"line":44,"column":13},"end":{"line":67,"column":2}},"12":{"start":{"line":50,"column":2},"end":{"line":50,"column":49}},"13":{"start":{"line":51,"column":2},"end":{"line":66,"column":4}},"14":{"start":{"line":51,"column":24},"end":{"line":66,"column":4}},"15":{"start":{"line":52,"column":4},"end":{"line":65,"column":7}},"16":{"start":{"line":53,"column":6},"end":{"line":64,"column":9}},"17":{"start":{"line":57,"column":10},"end":{"line":62,"column":12}},"18":{"start":{"line":79,"column":13},"end":{"line":87,"column":2}},"19":{"start":{"line":80,"column":2},"end":{"line":80,"column":39}},"20":{"start":{"line":81,"column":2},"end":{"line":86,"column":4}},"21":{"start":{"line":106,"column":13},"end":{"line":131,"column":2}},"22":{"start":{"line":112,"column":2},"end":{"line":112,"column":48}},"23":{"start":{"line":113,"column":2},"end":{"line":130,"column":4}},"24":{"start":{"line":113,"column":24},"end":{"line":130,"column":4}},"25":{"start":{"line":114,"column":4},"end":{"line":129,"column":7}},"26":{"start":{"line":115,"column":6},"end":{"line":128,"column":9}},"27":{"start":{"line":119,"column":10},"end":{"line":126,"column":12}},"28":{"start":{"line":145,"column":13},"end":{"line":150,"column":2}},"29":{"start":{"line":146,"column":2},"end":{"line":149,"column":4}},"30":{"start":{"line":152,"column":13},"end":{"line":165,"column":2}},"31":{"start":{"line":153,"column":15},"end":{"line":156,"column":4}},"32":{"start":{"line":159,"column":2},"end":{"line":164,"column":4}},"33":{"start":{"line":182,"column":13},"end":{"line":206,"column":2}},"34":{"start":{"line":189,"column":2},"end":{"line":205,"column":4}},"35":{"start":{"line":189,"column":24},"end":{"line":205,"column":4}},"36":{"start":{"line":190,"column":4},"end":{"line":204,"column":7}},"37":{"start":{"line":191,"column":6},"end":{"line":203,"column":9}},"38":{"start":{"line":195,"column":10},"end":{"line":201,"column":12}},"39":{"start":{"line":217,"column":13},"end":{"line":223,"column":2}},"40":{"start":{"line":218,"column":2},"end":{"line":222,"column":4}},"41":{"start":{"line":236,"column":13},"end":{"line":242,"column":2}},"42":{"start":{"line":237,"column":2},"end":{"line":241,"column":4}}},"fnMap":{"0":{"name":"(anonymous_14)","decl":{"start":{"line":10,"column":0},"end":{"line":10,"column":12}},"loc":{"start":{"line":10,"column":29},"end":{"line":19,"column":1}}},"1":{"name":"(anonymous_15)","decl":{"start":{"line":49,"column":5},"end":{"line":49,"column":null}},"loc":{"start":{"line":49,"column":5},"end":{"line":67,"column":1}}},"2":{"name":"(anonymous_16)","decl":{"start":{"line":51,"column":9},"end":{"line":51,"column":16}},"loc":{"start":{"line":51,"column":24},"end":{"line":66,"column":4}}},"3":{"name":"(anonymous_17)","decl":{"start":{"line":51,"column":24},"end":{"line":51,"column":null}},"loc":{"start":{"line":51,"column":24},"end":{"line":66,"column":4}}},"4":{"name":"(anonymous_19)","decl":{"start":{"line":52,"column":28},"end":{"line":52,"column":29}},"loc":{"start":{"line":52,"column":36},"end":{"line":65,"column":5}}},"5":{"name":"(anonymous_20)","decl":{"start":{"line":56,"column":16},"end":{"line":56,"column":17}},"loc":{"start":{"line":56,"column":29},"end":{"line":63,"column":9}}},"6":{"name":"(anonymous_21)","decl":{"start":{"line":79,"column":25},"end":{"line":79,"column":26}},"loc":{"start":{"line":79,"column":42},"end":{"line":87,"column":1}}},"7":{"name":"(anonymous_22)","decl":{"start":{"line":111,"column":5},"end":{"line":111,"column":null}},"loc":{"start":{"line":111,"column":5},"end":{"line":131,"column":1}}},"8":{"name":"(anonymous_23)","decl":{"start":{"line":113,"column":9},"end":{"line":113,"column":16}},"loc":{"start":{"line":113,"column":24},"end":{"line":130,"column":4}}},"9":{"name":"(anonymous_24)","decl":{"start":{"line":113,"column":24},"end":{"line":113,"column":null}},"loc":{"start":{"line":113,"column":24},"end":{"line":130,"column":4}}},"10":{"name":"(anonymous_26)","decl":{"start":{"line":114,"column":28},"end":{"line":114,"column":29}},"loc":{"start":{"line":114,"column":36},"end":{"line":129,"column":5}}},"11":{"name":"(anonymous_27)","decl":{"start":{"line":118,"column":16},"end":{"line":118,"column":17}},"loc":{"start":{"line":118,"column":36},"end":{"line":127,"column":9}}},"12":{"name":"(anonymous_28)","decl":{"start":{"line":145,"column":32},"end":{"line":145,"column":null}},"loc":{"start":{"line":145,"column":32},"end":{"line":150,"column":1}}},"13":{"name":"(anonymous_29)","decl":{"start":{"line":152,"column":25},"end":{"line":152,"column":26}},"loc":{"start":{"line":152,"column":48},"end":{"line":165,"column":1}}},"14":{"name":"(anonymous_30)","decl":{"start":{"line":187,"column":5},"end":{"line":187,"column":null}},"loc":{"start":{"line":187,"column":5},"end":{"line":206,"column":1}}},"15":{"name":"(anonymous_31)","decl":{"start":{"line":189,"column":9},"end":{"line":189,"column":16}},"loc":{"start":{"line":189,"column":24},"end":{"line":205,"column":4}}},"16":{"name":"(anonymous_32)","decl":{"start":{"line":189,"column":24},"end":{"line":189,"column":null}},"loc":{"start":{"line":189,"column":24},"end":{"line":205,"column":4}}},"17":{"name":"(anonymous_34)","decl":{"start":{"line":190,"column":28},"end":{"line":190,"column":29}},"loc":{"start":{"line":190,"column":36},"end":{"line":204,"column":5}}},"18":{"name":"(anonymous_35)","decl":{"start":{"line":194,"column":16},"end":{"line":194,"column":17}},"loc":{"start":{"line":194,"column":38},"end":{"line":202,"column":9}}},"19":{"name":"(anonymous_36)","decl":{"start":{"line":217,"column":25},"end":{"line":217,"column":26}},"loc":{"start":{"line":217,"column":36},"end":{"line":223,"column":1}}},"20":{"name":"(anonymous_37)","decl":{"start":{"line":236,"column":21},"end":{"line":236,"column":22}},"loc":{"start":{"line":236,"column":44},"end":{"line":242,"column":1}}}},"branchMap":{"0":{"loc":{"start":{"line":10,"column":12},"end":{"line":10,"column":29}},"type":"binary-expr","locations":[{"start":{"line":10,"column":12},"end":{"line":10,"column":29}},{"start":{"line":10,"column":12},"end":{"line":10,"column":null}}]}},"s":{"0":1,"1":1,"2":1,"3":1,"4":1,"5":1,"6":1,"7":1,"8":1,"9":1,"10":1,"11":1,"12":1,"13":1,"14":1,"15":1,"16":1,"17":1,"18":1,"19":3,"20":3,"21":1,"22":1,"23":1,"24":1,"25":1,"26":1,"27":2,"28":1,"29":1,"30":1,"31":0,"32":0,"33":1,"34":1,"35":1,"36":1,"37":1,"38":0,"39":1,"40":0,"41":1,"42":0},"f":{"0":1,"1":1,"2":1,"3":1,"4":1,"5":1,"6":3,"7":1,"8":1,"9":1,"10":1,"11":2,"12":1,"13":0,"14":1,"15":1,"16":1,"17":1,"18":0,"19":0,"20":0},"b":{"0":[1,1]}}
,"/Users/mmartins/projects/Red_Tetris_git/src/client/store/middlewares/socketMiddleware.ts": {"path":"/Users/mmartins/projects/Red_Tetris_git/src/client/store/middlewares/socketMiddleware.ts","statementMap":{"0":{"start":{"line":1,"column":0},"end":{"line":1,"column":34}},"1":{"start":{"line":3,"column":25},"end":{"line":36,"column":1}},"2":{"start":{"line":4,"column":17},"end":{"line":4,"column":44}},"3":{"start":{"line":5,"column":2},"end":{"line":5,"column":36}},"4":{"start":{"line":7,"column":2},"end":{"line":35,"column":4}},"5":{"start":{"line":7,"column":12},"end":{"line":7,"column":20}},"6":{"start":{"line":7,"column":22},"end":{"line":7,"column":30}},"7":{"start":{"line":7,"column":42},"end":{"line":35,"column":4}},"8":{"start":{"line":7,"column":57},"end":{"line":35,"column":4}},"9":{"start":{"line":8,"column":4},"end":{"line":10,"column":null}},"10":{"start":{"line":9,"column":6},"end":{"line":9,"column":26}},"11":{"start":{"line":11,"column":4},"end":{"line":13,"column":null}},"12":{"start":{"line":12,"column":6},"end":{"line":12,"column":40}},"13":{"start":{"line":15,"column":12},"end":{"line":15,"column":17}},"14":{"start":{"line":15,"column":19},"end":{"line":15,"column":24}},"15":{"start":{"line":15,"column":26},"end":{"line":15,"column":32}},"16":{"start":{"line":15,"column":34},"end":{"line":15,"column":38}},"17":{"start":{"line":15,"column":40},"end":{"line":15,"column":44}},"18":{"start":{"line":15,"column":46},"end":{"line":15,"column":53}},"19":{"start":{"line":17,"column":4},"end":{"line":20,"column":null}},"20":{"start":{"line":18,"column":6},"end":{"line":18,"column":50}},"21":{"start":{"line":19,"column":6},"end":{"line":19,"column":35}},"22":{"start":{"line":21,"column":4},"end":{"line":26,"column":null}},"23":{"start":{"line":22,"column":6},"end":{"line":22,"column":36}},"24":{"start":{"line":23,"column":6},"end":{"line":23,"column":36}},"25":{"start":{"line":24,"column":6},"end":{"line":24,"column":40}},"26":{"start":{"line":28,"column":22},"end":{"line":28,"column":28}},"27":{"start":{"line":29,"column":4},"end":{"line":32,"column":null}},"28":{"start":{"line":30,"column":6},"end":{"line":31,"column":52}},"29":{"start":{"line":31,"column":8},"end":{"line":31,"column":52}},"30":{"start":{"line":34,"column":4},"end":{"line":34,"column":41}},"31":{"start":{"line":38,"column":0},"end":{"line":38,"column":32}}},"fnMap":{"0":{"name":"(anonymous_4)","decl":{"start":{"line":3,"column":25},"end":{"line":3,"column":null}},"loc":{"start":{"line":3,"column":25},"end":{"line":36,"column":1}}},"1":{"name":"(anonymous_5)","decl":{"start":{"line":7,"column":9},"end":{"line":7,"column":10}},"loc":{"start":{"line":7,"column":37},"end":{"line":7,"column":43}}},"2":{"name":"(anonymous_6)","decl":{"start":{"line":7,"column":42},"end":{"line":7,"column":43}},"loc":{"start":{"line":7,"column":52},"end":{"line":7,"column":58}}},"3":{"name":"(anonymous_7)","decl":{"start":{"line":7,"column":57},"end":{"line":7,"column":58}},"loc":{"start":{"line":7,"column":69},"end":{"line":35,"column":3}}},"4":{"name":"(anonymous_8)","decl":{"start":{"line":30,"column":20},"end":{"line":30,"column":21}},"loc":{"start":{"line":30,"column":32},"end":{"line":31,"column":16}}}},"branchMap":{"0":{"loc":{"start":{"line":8,"column":4},"end":{"line":10,"column":null}},"type":"if","locations":[{"start":{"line":8,"column":4},"end":{"line":10,"column":null}},{"start":{"line":8,"column":4},"end":{"line":10,"column":null}}]},"1":{"loc":{"start":{"line":11,"column":4},"end":{"line":13,"column":null}},"type":"if","locations":[{"start":{"line":11,"column":4},"end":{"line":13,"column":null}},{"start":{"line":11,"column":4},"end":{"line":13,"column":null}}]},"2":{"loc":{"start":{"line":17,"column":4},"end":{"line":20,"column":null}},"type":"if","locations":[{"start":{"line":17,"column":4},"end":{"line":20,"column":null}},{"start":{"line":17,"column":4},"end":{"line":20,"column":null}}]},"3":{"loc":{"start":{"line":21,"column":4},"end":{"line":26,"column":null}},"type":"if","locations":[{"start":{"line":21,"column":4},"end":{"line":26,"column":null}},{"start":{"line":21,"column":4},"end":{"line":26,"column":null}}]},"4":{"loc":{"start":{"line":29,"column":4},"end":{"line":32,"column":null}},"type":"if","locations":[{"start":{"line":29,"column":4},"end":{"line":32,"column":null}},{"start":{"line":29,"column":4},"end":{"line":32,"column":null}}]}},"s":{"0":1,"1":1,"2":1,"3":1,"4":1,"5":3,"6":3,"7":3,"8":3,"9":8,"10":3,"11":5,"12":0,"13":5,"14":5,"15":5,"16":5,"17":5,"18":5,"19":5,"20":0,"21":0,"22":5,"23":2,"24":2,"25":2,"26":3,"27":3,"28":0,"29":0,"30":3,"31":1},"f":{"0":1,"1":3,"2":3,"3":8,"4":0},"b":{"0":[3,5],"1":[0,5],"2":[0,5],"3":[2,3],"4":[0,3]}}
}
