TN:
SF:mocks/fileMock.js
FNF:0
FNH:0
DA:1,2
LF:1
LH:1
BRF:0
BRH:0
end_of_record
TN:
SF:mocks/styleMock.js
FNF:0
FNH:0
DA:1,6
LF:1
LH:1
BRF:0
BRH:0
end_of_record
TN:
SF:src/client/components/Game/Grid/Case.tsx
FN:5,(anonymous_0)
FNF:1
FNH:1
FNDA:1,(anonymous_0)
DA:1,1
DA:3,1
DA:5,1
DA:6,1
DA:9,1
LF:5
LH:5
BRF:0
BRH:0
end_of_record
TN:
SF:src/client/components/Game/Grid/Grid.tsx
FN:7,(anonymous_0)
FN:8,(anonymous_1)
FN:12,(anonymous_2)
FNF:3
FNH:3
FNDA:1,(anonymous_0)
FNDA:20,(anonymous_1)
FNDA:20,(anonymous_2)
DA:1,1
DA:3,1
DA:5,1
DA:7,1
DA:8,20
DA:10,1
DA:13,20
DA:19,1
LF:8
LH:8
BRF:0
BRH:0
end_of_record
TN:
SF:src/client/components/Game/Grid/Line.tsx
FN:7,(anonymous_0)
FN:8,(anonymous_1)
FN:13,(anonymous_2)
FNF:3
FNH:3
FNDA:1,(anonymous_0)
FNDA:10,(anonymous_1)
FNDA:10,(anonymous_2)
DA:1,1
DA:3,1
DA:5,1
DA:7,1
DA:8,10
DA:10,1
DA:14,10
DA:20,1
LF:8
LH:8
BRF:0
BRH:0
end_of_record
TN:
SF:src/client/components/HomePage/Formulaire.tsx
FN:13,(anonymous_0)
FN:21,(anonymous_1)
FN:28,(anonymous_2)
FN:35,(anonymous_3)
FN:51,(anonymous_4)
FN:62,(anonymous_5)
FN:68,(anonymous_6)
FNF:7
FNH:7
FNDA:3,(anonymous_0)
FNDA:1,(anonymous_1)
FNDA:1,(anonymous_2)
FNDA:1,(anonymous_3)
FNDA:1,(anonymous_4)
FNDA:1,(anonymous_5)
FNDA:1,(anonymous_6)
DA:1,2
DA:5,2
DA:6,2
DA:7,2
DA:13,2
DA:14,3
DA:21,3
DA:22,1
DA:28,3
DA:29,1
DA:35,3
DA:36,1
DA:37,1
DA:38,1
DA:41,3
DA:51,1
DA:62,1
DA:68,1
DA:77,2
LF:19
LH:19
BRF:0
BRH:0
end_of_record
TN:
SF:src/client/components/Room/roomActionsButtons.tsx
FN:18,(anonymous_0)
FN:19,(anonymous_1)
FNF:2
FNH:2
FNDA:4,(anonymous_0)
FNDA:4,(anonymous_1)
DA:1,1
DA:2,1
DA:6,1
DA:7,1
DA:8,1
DA:18,1
DA:19,4
DA:28,4
DA:31,4
DA:51,4
DA:73,1
LF:11
LH:11
BRDA:32,0,0,1
BRDA:32,0,1,3
BRF:2
BRH:2
end_of_record
TN:
SF:src/client/components/Room/roomPlayersList.tsx
FN:20,(anonymous_0)
FN:21,(anonymous_1)
FN:44,(anonymous_2)
FNF:3
FNH:3
FNDA:8,(anonymous_0)
FNDA:8,(anonymous_1)
FNDA:14,(anonymous_2)
DA:1,1
DA:5,1
DA:6,1
DA:7,1
DA:8,1
DA:9,1
DA:10,1
DA:11,1
DA:13,1
DA:20,1
DA:21,8
DA:22,8
DA:35,8
DA:37,8
DA:41,8
DA:42,1
DA:44,7
DA:45,14
DA:46,7
DA:62,7
DA:65,7
DA:82,8
DA:89,1
LF:23
LH:23
BRDA:41,0,0,1
BRDA:41,0,1,7
BRDA:45,1,0,7
BRDA:45,1,1,7
BRDA:55,2,0,1
BRDA:55,2,1,6
BRDA:63,3,0,6
BRDA:63,3,1,1
BRDA:72,4,0,1
BRDA:72,4,1,6
BRF:10
BRH:10
end_of_record
TN:
SF:src/client/components/UI/Logo/Logo.tsx
FN:9,(anonymous_0)
FNF:1
FNH:1
FNDA:1,(anonymous_0)
DA:1,2
DA:4,2
DA:7,2
DA:9,2
DA:10,1
DA:15,2
LF:6
LH:6
BRF:0
BRH:0
end_of_record
TN:
SF:src/client/components/UI/Music/MusicButton.tsx
FN:8,(anonymous_0)
FN:17,(anonymous_1)
FN:40,(anonymous_2)
FNF:3
FNH:3
FNDA:3,(anonymous_0)
FNDA:2,(anonymous_1)
FNDA:2,(anonymous_2)
DA:1,2
DA:2,2
DA:3,2
DA:4,2
DA:8,2
DA:10,3
DA:12,3
DA:17,3
DA:18,2
DA:19,1
DA:23,1
DA:24,1
DA:26,1
DA:30,1
DA:34,3
DA:40,2
DA:48,2
LF:17
LH:17
BRDA:18,0,0,1
BRDA:18,0,1,1
BRDA:42,1,0,1
BRDA:42,1,1,2
BRF:4
BRH:4
end_of_record
TN:
SF:src/client/containers/HomePage/HomePage.tsx
FN:33,(anonymous_0)
FN:38,(anonymous_1)
FN:42,(anonymous_2)
FN:61,(anonymous_3)
FN:79,(anonymous_4)
FN:90,(anonymous_5)
FN:91,(anonymous_6)
FN:92,(anonymous_7)
FNF:8
FNH:1
FNDA:6,(anonymous_0)
FNDA:0,(anonymous_1)
FNDA:0,(anonymous_2)
FNDA:0,(anonymous_3)
FNDA:0,(anonymous_4)
FNDA:0,(anonymous_5)
FNDA:0,(anonymous_6)
FNDA:0,(anonymous_7)
DA:1,1
DA:2,1
DA:9,1
DA:10,1
DA:12,1
DA:13,1
DA:15,1
DA:16,1
DA:20,1
DA:21,1
DA:33,1
DA:36,6
DA:38,6
DA:39,0
DA:42,6
DA:43,0
DA:44,0
DA:45,0
DA:48,6
DA:49,1
DA:52,5
DA:61,0
DA:79,1
DA:80,0
DA:89,1
DA:90,0
DA:91,0
DA:92,0
DA:95,1
LF:29
LH:20
BRDA:48,0,0,1
BRDA:48,0,1,5
BRDA:48,1,0,6
BRDA:48,1,1,1
BRDA:48,1,2,1
BRDA:48,1,3,1
BRDA:66,2,0,5
BRDA:66,2,1,1
BRF:8
BRH:8
end_of_record
TN:
SF:src/client/store/actions/actionTypes.ts
FNF:0
FNH:0
DA:1,3
DA:2,3
DA:3,3
DA:4,3
DA:5,3
DA:6,3
DA:7,3
LF:7
LH:7
BRF:0
BRH:0
end_of_record
TN:
SF:src/client/store/actions/roomActions.ts
FN:10,(anonymous_0)
FN:49,(anonymous_1)
FN:51,(anonymous_2)
FN:51,(anonymous_3)
FN:52,(anonymous_4)
FN:56,(anonymous_5)
FN:79,(anonymous_6)
FN:111,(anonymous_7)
FN:113,(anonymous_8)
FN:113,(anonymous_9)
FN:114,(anonymous_10)
FN:118,(anonymous_11)
FN:152,(anonymous_12)
FN:187,(anonymous_13)
FN:189,(anonymous_14)
FN:189,(anonymous_15)
FN:190,(anonymous_16)
FN:194,(anonymous_17)
FN:217,(anonymous_18)
FN:236,(anonymous_19)
FNF:20
FNH:13
FNDA:3,(anonymous_0)
FNDA:1,(anonymous_1)
FNDA:1,(anonymous_2)
FNDA:1,(anonymous_3)
FNDA:1,(anonymous_4)
FNDA:1,(anonymous_5)
FNDA:2,(anonymous_6)
FNDA:1,(anonymous_7)
FNDA:1,(anonymous_8)
FNDA:1,(anonymous_9)
FNDA:1,(anonymous_10)
FNDA:1,(anonymous_11)
FNDA:1,(anonymous_12)
FNDA:0,(anonymous_13)
FNDA:0,(anonymous_14)
FNDA:0,(anonymous_15)
FNDA:0,(anonymous_16)
FNDA:0,(anonymous_17)
FNDA:0,(anonymous_18)
FNDA:0,(anonymous_19)
DA:1,3
DA:10,3
DA:11,3
DA:12,3
DA:13,3
DA:14,3
DA:15,3
DA:16,3
DA:17,3
DA:18,3
DA:44,3
DA:50,1
DA:51,1
DA:52,1
DA:53,1
DA:57,1
DA:79,3
DA:80,2
DA:81,2
DA:106,3
DA:112,1
DA:113,1
DA:114,1
DA:115,1
DA:119,1
DA:152,3
DA:153,1
DA:159,1
DA:182,3
DA:189,0
DA:190,0
DA:191,0
DA:195,0
DA:217,3
DA:218,0
DA:236,3
DA:237,0
LF:37
LH:31
BRDA:10,0,0,3
BRDA:10,0,1,3
BRF:2
BRH:2
end_of_record
TN:
SF:src/client/store/middlewares/socketMiddleware.ts
FN:3,(anonymous_0)
FN:7,(anonymous_1)
FN:7,(anonymous_2)
FN:7,(anonymous_3)
FN:30,(anonymous_4)
FNF:5
FNH:4
FNDA:1,(anonymous_0)
FNDA:2,(anonymous_1)
FNDA:2,(anonymous_2)
FNDA:5,(anonymous_3)
FNDA:0,(anonymous_4)
DA:1,1
DA:3,1
DA:4,1
DA:7,2
DA:8,5
DA:9,2
DA:11,3
DA:12,0
DA:15,3
DA:17,3
DA:19,0
DA:21,3
DA:24,1
DA:28,2
DA:29,2
DA:30,0
DA:31,0
DA:34,2
DA:38,1
LF:19
LH:15
BRDA:8,0,0,2
BRDA:8,0,1,3
BRDA:11,1,0,0
BRDA:11,1,1,3
BRDA:17,2,0,0
BRDA:17,2,1,3
BRDA:21,3,0,1
BRDA:21,3,1,2
BRDA:29,4,0,0
BRDA:29,4,1,2
BRF:10
BRH:7
end_of_record
TN:
SF:src/client/store/reducers/socketReducer.ts
FN:37,(anonymous_0)
FNF:1
FNH:1
FNDA:9,(anonymous_0)
DA:1,1
DA:15,1
DA:37,1
DA:41,9
DA:43,1
DA:51,1
DA:53,2
DA:61,1
DA:72,1
DA:78,1
DA:80,1
DA:82,1
LF:12
LH:12
BRDA:38,0,0,0
BRDA:42,1,0,1
BRDA:42,1,1,1
BRDA:42,1,2,2
BRDA:42,1,3,1
BRDA:42,1,4,1
BRDA:42,1,5,1
BRDA:42,1,6,1
BRDA:42,1,7,1
BRF:9
BRH:8
end_of_record
TN:
SF:src/server/models/Player.ts
FN:7,(anonymous_0)
FNF:1
FNH:1
FNDA:5,(anonymous_0)
DA:1,2
DA:8,5
DA:9,5
DA:10,5
DA:11,5
LF:5
LH:5
BRF:0
BRH:0
end_of_record
TN:
SF:src/server/models/Room.ts
FN:10,(anonymous_0)
FN:18,(anonymous_1)
FN:38,(anonymous_2)
FN:42,(anonymous_3)
FN:46,(anonymous_4)
FN:47,(anonymous_5)
FN:50,(anonymous_6)
FN:54,(anonymous_7)
FN:55,(anonymous_8)
FN:64,(anonymous_9)
FNF:10
FNH:10
FNDA:8,(anonymous_0)
FNDA:13,(anonymous_1)
FNDA:3,(anonymous_2)
FNDA:3,(anonymous_3)
FNDA:2,(anonymous_4)
FNDA:1,(anonymous_5)
FNDA:14,(anonymous_6)
FNDA:4,(anonymous_7)
FNDA:11,(anonymous_8)
FNDA:1,(anonymous_9)
DA:3,2
DA:11,8
DA:12,8
DA:13,8
DA:14,8
DA:15,8
DA:24,13
DA:30,13
DA:31,13
DA:39,3
DA:43,3
DA:47,2
DA:48,2
DA:50,14
DA:51,2
DA:55,4
DA:56,11
DA:57,1
DA:59,10
DA:65,1
LF:20
LH:20
BRDA:31,0,0,7
BRDA:31,0,1,6
BRDA:43,1,0,1
BRDA:43,1,1,2
BRDA:49,2,0,0
BRDA:49,2,1,2
BRDA:56,3,0,1
BRDA:56,3,1,10
BRF:8
BRH:7
end_of_record
TN:
SF:src/server/sockets/socket.ts
FN:14,socketConfig
FN:17,(anonymous_1)
FN:23,(anonymous_2)
FN:23,(anonymous_3)
FN:53,(anonymous_4)
FN:59,(anonymous_5)
FN:71,(anonymous_6)
FN:76,(anonymous_7)
FN:90,(anonymous_8)
FN:91,(anonymous_9)
FN:124,(anonymous_10)
FNF:11
FNH:11
FNDA:11,socketConfig
FNDA:11,(anonymous_1)
FNDA:5,(anonymous_2)
FNDA:5,(anonymous_3)
FNDA:11,(anonymous_4)
FNDA:1,(anonymous_5)
FNDA:11,(anonymous_6)
FNDA:3,(anonymous_7)
FNDA:11,(anonymous_8)
FNDA:2,(anonymous_9)
FNDA:11,(anonymous_10)
DA:1,2
DA:2,2
DA:7,2
DA:14,2
DA:15,11
DA:17,11
DA:23,11
DA:25,5
DA:27,5
DA:28,3
DA:29,1
DA:30,2
DA:31,1
DA:33,1
DA:36,2
DA:37,2
DA:39,5
DA:41,5
DA:46,5
DA:47,3
DA:49,5
DA:53,11
DA:59,11
DA:62,1
DA:63,1
DA:64,1
DA:66,1
DA:67,1
DA:71,11
DA:76,11
DA:78,3
DA:82,3
DA:83,3
DA:84,3
DA:85,3
DA:90,11
DA:91,11
DA:93,2
DA:94,2
DA:96,2
DA:97,6
DA:98,4
DA:100,6
DA:104,2
DA:109,2
DA:110,1
DA:111,1
DA:113,1
DA:124,11
DA:125,11
DA:128,11
DA:129,11
DA:130,11
DA:131,11
DA:134,11
LF:55
LH:55
BRDA:27,0,0,3
BRDA:27,0,1,2
BRDA:28,1,0,1
BRDA:28,1,1,2
BRDA:30,2,0,1
BRDA:30,2,1,1
BRDA:46,3,0,3
BRDA:46,3,1,2
BRDA:63,4,0,1
BRDA:63,4,1,0
BRDA:83,5,0,3
BRDA:83,5,1,0
BRDA:94,6,0,2
BRDA:94,6,1,0
BRDA:97,7,0,4
BRDA:97,7,1,2
BRDA:97,8,0,6
BRDA:97,8,1,4
BRDA:100,9,0,2
BRDA:100,9,1,4
BRDA:101,10,0,6
BRDA:101,10,1,2
BRDA:109,11,0,1
BRDA:109,11,1,1
BRF:24
BRH:21
end_of_record
TN:
SF:src/server/utils/utilitiesFunctions.ts
FN:4,(anonymous_0)
FN:10,(anonymous_1)
FN:15,(anonymous_2)
FN:16,(anonymous_3)
FN:22,(anonymous_4)
FN:25,(anonymous_5)
FNF:6
FNH:6
FNDA:2,(anonymous_0)
FNDA:5,(anonymous_1)
FNDA:11,(anonymous_2)
FNDA:29,(anonymous_3)
FNDA:9,(anonymous_4)
FNDA:21,(anonymous_5)
DA:1,2
DA:2,2
DA:4,2
DA:5,2
DA:6,2
DA:7,2
DA:10,2
DA:11,5
DA:12,5
DA:15,2
DA:16,11
DA:17,29
DA:19,11
DA:22,2
DA:24,9
DA:25,9
DA:26,21
DA:30,9
DA:31,5
DA:36,2
LF:20
LH:20
BRDA:24,0,0,9
BRDA:24,0,1,0
BRDA:30,1,0,5
BRDA:30,1,1,4
BRF:4
BRH:3
end_of_record
