TN:
SF:src/Server/game/game.ts
FN:16,(anonymous_0)
FN:17,(anonymous_1)
FN:18,(anonymous_2)
FN:54,(anonymous_3)
FN:55,(anonymous_4)
FN:56,(anonymous_5)
FN:57,(anonymous_6)
FN:58,(anonymous_7)
FN:61,(anonymous_8)
FN:70,(anonymous_9)
FN:96,(anonymous_10)
FN:99,(anonymous_11)
FN:119,(anonymous_12)
FN:132,(anonymous_13)
FN:133,(anonymous_14)
FN:137,(anonymous_15)
FN:204,(anonymous_16)
FN:205,(anonymous_17)
FN:209,(anonymous_18)
FN:217,(anonymous_19)
FN:221,(anonymous_20)
FNF:21
FNH:0
FNDA:0,(anonymous_0)
FNDA:0,(anonymous_1)
FNDA:0,(anonymous_2)
FNDA:0,(anonymous_3)
FNDA:0,(anonymous_4)
FNDA:0,(anonymous_5)
FNDA:0,(anonymous_6)
FNDA:0,(anonymous_7)
FNDA:0,(anonymous_8)
FNDA:0,(anonymous_9)
FNDA:0,(anonymous_10)
FNDA:0,(anonymous_11)
FNDA:0,(anonymous_12)
FNDA:0,(anonymous_13)
FNDA:0,(anonymous_14)
FNDA:0,(anonymous_15)
FNDA:0,(anonymous_16)
FNDA:0,(anonymous_17)
FNDA:0,(anonymous_18)
FNDA:0,(anonymous_19)
FNDA:0,(anonymous_20)
DA:1,1
DA:2,1
DA:3,1
DA:4,1
DA:5,1
DA:6,1
DA:16,1
DA:17,0
DA:18,0
DA:19,0
DA:20,0
DA:22,0
DA:34,1
DA:41,1
DA:43,1
DA:51,1
DA:53,1
DA:54,0
DA:55,0
DA:56,0
DA:57,0
DA:58,0
DA:61,1
DA:62,0
DA:63,0
DA:64,0
DA:66,0
DA:70,1
DA:71,0
DA:72,0
DA:73,0
DA:74,0
DA:75,0
DA:84,0
DA:85,0
DA:86,0
DA:87,0
DA:88,0
DA:89,0
DA:90,0
DA:96,1
DA:97,0
DA:98,0
DA:99,0
DA:100,0
DA:101,0
DA:102,0
DA:103,0
DA:105,0
DA:106,0
DA:107,0
DA:108,0
DA:111,0
DA:112,0
DA:113,0
DA:114,0
DA:115,0
DA:119,1
DA:120,0
DA:121,0
DA:123,0
DA:124,0
DA:125,0
DA:132,1
DA:133,0
DA:134,0
DA:135,0
DA:136,0
DA:137,0
DA:138,0
DA:139,0
DA:140,0
DA:142,0
DA:145,0
DA:149,0
DA:150,0
DA:151,0
DA:152,0
DA:153,0
DA:154,0
DA:155,0
DA:156,0
DA:157,0
DA:161,0
DA:163,0
DA:164,0
DA:165,0
DA:166,0
DA:167,0
DA:170,0
DA:172,0
DA:173,0
DA:174,0
DA:176,0
DA:178,0
DA:179,0
DA:180,0
DA:181,0
DA:182,0
DA:183,0
DA:186,0
DA:188,0
DA:189,0
DA:190,0
DA:192,0
DA:196,0
DA:197,0
DA:198,0
DA:200,0
DA:204,1
DA:205,0
DA:206,0
DA:207,0
DA:208,0
DA:209,0
DA:210,0
DA:211,0
DA:212,0
DA:214,0
DA:215,0
DA:217,0
DA:218,0
DA:219,0
DA:221,0
DA:222,0
LF:125
LH:18
BRDA:19,0,0,0
BRDA:19,0,1,0
BRDA:19,1,0,0
BRDA:19,1,1,0
BRDA:73,2,0,0
BRDA:73,2,1,0
BRDA:74,3,0,0
BRDA:74,3,1,0
BRDA:74,4,0,0
BRDA:74,4,1,0
BRDA:85,5,0,0
BRDA:85,5,1,0
BRDA:98,6,0,0
BRDA:98,6,1,0
BRDA:100,7,0,0
BRDA:100,7,1,0
BRDA:100,8,0,0
BRDA:100,8,1,0
BRDA:101,9,0,0
BRDA:101,9,1,0
BRDA:101,10,0,0
BRDA:101,10,1,0
BRDA:103,11,0,0
BRDA:103,11,1,0
BRDA:103,12,0,0
BRDA:103,12,1,0
BRDA:105,13,0,0
BRDA:105,13,1,0
BRDA:105,14,0,0
BRDA:105,14,1,0
BRDA:120,15,0,0
BRDA:120,15,1,0
BRDA:136,16,0,0
BRDA:136,16,1,0
BRDA:136,17,0,0
BRDA:136,17,1,0
BRDA:136,17,2,0
BRDA:138,18,0,0
BRDA:138,18,1,0
BRDA:138,19,0,0
BRDA:138,19,1,0
BRDA:138,19,2,0
BRDA:138,19,3,0
BRDA:140,20,0,0
BRDA:140,20,1,0
BRDA:153,21,0,0
BRDA:153,21,1,0
BRDA:154,22,0,0
BRDA:154,22,1,0
BRDA:156,23,0,0
BRDA:156,23,1,0
BRDA:163,24,0,0
BRDA:163,24,1,0
BRDA:170,25,0,0
BRDA:170,25,1,0
BRDA:173,26,0,0
BRDA:173,26,1,0
BRDA:176,27,0,0
BRDA:176,27,1,0
BRDA:176,28,0,0
BRDA:176,28,1,0
BRDA:182,29,0,0
BRDA:182,29,1,0
BRDA:186,30,0,0
BRDA:186,30,1,0
BRDA:186,31,0,0
BRDA:186,31,1,0
BRDA:189,32,0,0
BRDA:189,32,1,0
BRDA:210,33,0,0
BRDA:210,33,1,0
BRF:71
BRH:0
end_of_record
TN:
SF:src/Server/utils/randomizer.ts
FN:1,randomizer
FNF:1
FNH:1
FNDA:2,randomizer
DA:1,1
DA:2,2
DA:3,2
DA:6,2
DA:9,2
DA:10,2
DA:12,2
DA:14,2
DA:16,28
DA:17,28
DA:20,28
DA:21,63
DA:22,63
DA:23,63
DA:24,28
DA:26,35
DA:30,28
DA:31,14
DA:33,28
DA:35,28
DA:38,28
DA:39,28
DA:41,28
LF:23
LH:23
BRDA:23,0,0,28
BRDA:23,0,1,35
BRDA:23,1,0,63
BRDA:23,1,1,35
BRDA:26,2,0,33
BRDA:26,2,1,2
BRDA:30,3,0,14
BRDA:30,3,1,14
BRF:8
BRH:8
end_of_record
TN:
SF:src/Server/utils/utilitiesFunctions.ts
FN:5,(anonymous_0)
FN:11,(anonymous_1)
FN:12,(anonymous_2)
FN:18,(anonymous_3)
FN:21,(anonymous_4)
FNF:5
FNH:0
FNDA:0,(anonymous_0)
FNDA:0,(anonymous_1)
FNDA:0,(anonymous_2)
FNDA:0,(anonymous_3)
FNDA:0,(anonymous_4)
DA:2,1
DA:5,1
DA:6,0
DA:7,0
DA:8,0
DA:11,1
DA:12,0
DA:13,0
DA:15,0
DA:18,1
DA:20,0
DA:21,0
DA:22,0
DA:26,0
DA:27,0
LF:15
LH:4
BRDA:20,0,0,0
BRDA:20,0,1,0
BRDA:26,1,0,0
BRDA:26,1,1,0
BRF:4
BRH:0
end_of_record
TN:
SF:src/Shared/models/Board.ts
FN:35,(anonymous_0)
FN:36,(anonymous_1)
FN:48,(anonymous_2)
FN:54,(anonymous_3)
FN:59,(anonymous_4)
FN:64,(anonymous_5)
FN:70,(anonymous_6)
FN:72,(anonymous_7)
FN:73,(anonymous_8)
FN:84,(anonymous_9)
FN:91,(anonymous_10)
FN:94,(anonymous_11)
FN:95,(anonymous_12)
FN:105,(anonymous_13)
FN:113,(anonymous_14)
FN:122,(anonymous_15)
FN:124,(anonymous_16)
FN:126,(anonymous_17)
FN:143,(anonymous_18)
FN:144,(anonymous_19)
FN:145,(anonymous_20)
FNF:21
FNH:0
FNDA:0,(anonymous_0)
FNDA:0,(anonymous_1)
FNDA:0,(anonymous_2)
FNDA:0,(anonymous_3)
FNDA:0,(anonymous_4)
FNDA:0,(anonymous_5)
FNDA:0,(anonymous_6)
FNDA:0,(anonymous_7)
FNDA:0,(anonymous_8)
FNDA:0,(anonymous_9)
FNDA:0,(anonymous_10)
FNDA:0,(anonymous_11)
FNDA:0,(anonymous_12)
FNDA:0,(anonymous_13)
FNDA:0,(anonymous_14)
FNDA:0,(anonymous_15)
FNDA:0,(anonymous_16)
FNDA:0,(anonymous_17)
FNDA:0,(anonymous_18)
FNDA:0,(anonymous_19)
FNDA:0,(anonymous_20)
DA:1,1
DA:2,1
DA:28,1
DA:36,0
DA:37,0
DA:38,0
DA:39,0
DA:51,0
DA:56,0
DA:61,0
DA:66,0
DA:72,0
DA:73,0
DA:74,0
DA:75,0
DA:76,0
DA:85,0
DA:86,0
DA:87,0
DA:92,0
DA:94,0
DA:95,0
DA:96,0
DA:97,0
DA:99,0
DA:106,0
DA:115,0
DA:117,0
DA:118,0
DA:123,0
DA:124,0
DA:126,0
DA:127,0
DA:129,0
DA:131,0
DA:135,0
DA:139,0
DA:144,0
DA:145,0
DA:146,0
DA:147,0
DA:151,0
LF:42
LH:3
BRDA:51,0,0,0
BRDA:51,0,1,0
BRDA:61,1,0,0
BRDA:61,1,1,0
BRDA:66,2,0,0
BRDA:66,2,1,0
BRDA:77,3,0,0
BRDA:77,3,1,0
BRDA:77,3,2,0
BRDA:77,3,3,0
BRDA:85,4,0,0
BRDA:85,4,1,0
BRDA:96,5,0,0
BRDA:96,5,1,0
BRDA:96,6,0,0
BRDA:96,6,1,0
BRDA:96,6,2,0
BRDA:96,6,3,0
BRDA:97,7,0,0
BRDA:97,7,1,0
BRDA:106,8,0,0
BRDA:106,8,1,0
BRDA:107,9,0,0
BRDA:107,9,1,0
BRDA:108,10,0,0
BRDA:108,10,1,0
BRDA:109,11,0,0
BRDA:109,11,1,0
BRDA:126,12,0,0
BRDA:126,12,1,0
BRDA:146,13,0,0
BRDA:146,13,1,0
BRF:32
BRH:0
end_of_record
TN:
SF:src/Shared/models/Game.ts
FN:8,(anonymous_0)
FNF:1
FNH:1
FNDA:2,(anonymous_0)
DA:5,1
DA:9,2
LF:2
LH:2
BRF:0
BRH:0
end_of_record
TN:
SF:src/Shared/models/Piece.ts
FN:28,(anonymous_0)
FN:30,(anonymous_1)
FN:38,(anonymous_2)
FN:48,(anonymous_3)
FNF:4
FNH:0
FNDA:0,(anonymous_0)
FNDA:0,(anonymous_1)
FNDA:0,(anonymous_2)
FNDA:0,(anonymous_3)
DA:1,1
DA:19,1
DA:29,0
DA:30,0
DA:31,0
DA:32,0
DA:33,0
DA:34,0
DA:35,0
DA:39,0
DA:41,0
DA:42,0
DA:43,0
DA:48,0
DA:50,0
LF:15
LH:2
BRDA:28,0,0,0
BRF:1
BRH:0
end_of_record
TN:
SF:src/Shared/models/Pieces.ts
FNF:0
FNH:0
DA:9,1
LF:1
LH:1
BRF:0
BRH:0
end_of_record
TN:
SF:src/Shared/models/Player.ts
FN:34,(anonymous_0)
FN:42,(anonymous_1)
FNF:2
FNH:1
FNDA:2,(anonymous_0)
FNDA:0,(anonymous_1)
DA:1,1
DA:9,1
DA:26,1
DA:35,2
DA:36,2
DA:37,2
DA:38,2
DA:39,2
DA:43,0
DA:44,0
LF:10
LH:8
BRF:0
BRH:0
end_of_record
TN:
SF:src/Shared/models/Room.ts
FN:73,(anonymous_0)
FN:86,(anonymous_1)
FN:94,(anonymous_2)
FN:101,(anonymous_3)
FN:105,(anonymous_4)
FN:109,(anonymous_5)
FN:110,(anonymous_6)
FN:113,(anonymous_7)
FN:117,(anonymous_8)
FN:118,(anonymous_9)
FN:127,(anonymous_10)
FN:131,(anonymous_11)
FNF:12
FNH:2
FNDA:2,(anonymous_0)
FNDA:2,(anonymous_1)
FNDA:0,(anonymous_2)
FNDA:0,(anonymous_3)
FNDA:0,(anonymous_4)
FNDA:0,(anonymous_5)
FNDA:0,(anonymous_6)
FNDA:0,(anonymous_7)
FNDA:0,(anonymous_8)
FNDA:0,(anonymous_9)
FNDA:0,(anonymous_10)
FNDA:0,(anonymous_11)
DA:1,1
DA:2,1
DA:3,1
DA:22,1
DA:61,1
DA:74,2
DA:75,2
DA:76,2
DA:77,2
DA:78,2
DA:79,2
DA:80,2
DA:81,2
DA:82,2
DA:83,2
DA:86,2
DA:87,2
DA:88,2
DA:89,30
DA:91,2
DA:95,0
DA:96,0
DA:97,0
DA:98,0
DA:102,0
DA:106,0
DA:110,0
DA:111,0
DA:113,0
DA:114,0
DA:118,0
DA:119,0
DA:120,0
DA:122,0
DA:128,0
DA:132,0
DA:133,0
DA:134,0
DA:135,0
DA:136,0
DA:137,0
DA:138,0
LF:42
LH:20
BRDA:98,0,0,0
BRDA:98,0,1,0
BRDA:106,1,0,0
BRDA:106,1,1,0
BRDA:112,2,0,0
BRDA:112,2,1,0
BRDA:119,3,0,0
BRDA:119,3,1,0
BRF:8
BRH:0
end_of_record
TN:
SF:src/client/components/HomePage/Formulaire.tsx
FN:11,(anonymous_0)
FN:18,(anonymous_1)
FN:25,(anonymous_2)
FN:32,(anonymous_3)
FN:48,(anonymous_4)
FN:59,(anonymous_5)
FN:65,(anonymous_6)
FNF:7
FNH:3
FNDA:1,(anonymous_0)
FNDA:0,(anonymous_1)
FNDA:0,(anonymous_2)
FNDA:1,(anonymous_3)
FNDA:0,(anonymous_4)
FNDA:0,(anonymous_5)
FNDA:1,(anonymous_6)
DA:1,1
DA:2,1
DA:3,1
DA:4,1
DA:11,1
DA:12,1
DA:18,1
DA:19,0
DA:25,1
DA:26,0
DA:32,1
DA:33,1
DA:34,1
DA:35,1
DA:38,1
DA:48,0
DA:59,0
DA:65,1
DA:74,1
LF:19
LH:15
BRF:0
BRH:0
end_of_record
TN:
SF:src/client/components/UI/Logo/Logo.tsx
FN:9,(anonymous_0)
FNF:1
FNH:0
FNDA:0,(anonymous_0)
DA:1,1
DA:4,1
DA:7,1
DA:9,1
DA:10,0
DA:15,1
LF:6
LH:5
BRF:0
BRH:0
end_of_record
TN:
SF:src/client/components/UI/Music/MusicButton.tsx
FN:11,(anonymous_0)
FN:14,(anonymous_1)
FN:38,(anonymous_2)
FNF:3
FNH:0
FNDA:0,(anonymous_0)
FNDA:0,(anonymous_1)
FNDA:0,(anonymous_2)
DA:1,1
DA:2,1
DA:3,1
DA:4,1
DA:11,1
DA:12,0
DA:14,0
DA:15,0
DA:16,0
DA:20,0
DA:21,0
DA:23,0
DA:27,0
DA:29,0
DA:32,0
DA:38,0
DA:46,1
LF:17
LH:6
BRDA:15,0,0,0
BRDA:15,0,1,0
BRDA:40,1,0,0
BRDA:40,1,1,0
BRF:4
BRH:0
end_of_record
TN:
SF:src/client/containers/HomePage/HomePage.tsx
FN:34,(anonymous_0)
FN:38,(anonymous_1)
FN:42,(anonymous_2)
FN:56,(anonymous_3)
FN:62,(anonymous_4)
FN:80,(anonymous_5)
FN:92,(anonymous_6)
FN:93,(anonymous_7)
FN:94,(anonymous_8)
FN:95,(anonymous_9)
FNF:10
FNH:2
FNDA:7,(anonymous_0)
FNDA:5,(anonymous_1)
FNDA:0,(anonymous_2)
FNDA:0,(anonymous_3)
FNDA:0,(anonymous_4)
FNDA:0,(anonymous_5)
FNDA:0,(anonymous_6)
FNDA:0,(anonymous_7)
FNDA:0,(anonymous_8)
FNDA:0,(anonymous_9)
DA:1,1
DA:2,1
DA:9,1
DA:10,1
DA:12,1
DA:13,1
DA:14,1
DA:15,1
DA:16,1
DA:19,1
DA:34,1
DA:36,7
DA:38,7
DA:39,5
DA:42,7
DA:43,0
DA:44,0
DA:45,0
DA:50,7
DA:51,1
DA:54,6
DA:56,0
DA:62,0
DA:80,1
DA:81,0
DA:91,1
DA:92,0
DA:93,0
DA:94,0
DA:95,0
DA:98,1
LF:31
LH:21
BRDA:50,0,0,1
BRDA:50,0,1,6
BRDA:50,1,0,7
BRDA:50,1,1,1
BRDA:50,1,2,1
BRDA:50,1,3,1
BRDA:67,2,0,6
BRDA:67,2,1,1
BRF:8
BRH:8
end_of_record
TN:
SF:src/client/store/actions/actionTypes.ts
FNF:0
FNH:0
DA:1,1
DA:2,1
DA:3,1
DA:4,1
DA:5,1
DA:6,1
DA:7,1
DA:8,1
DA:9,1
DA:10,1
DA:11,1
DA:12,1
DA:13,1
DA:14,1
DA:15,1
DA:16,1
LF:16
LH:16
BRF:0
BRH:0
end_of_record
TN:
SF:src/client/store/actions/roomActions.ts
FN:8,(anonymous_0)
FN:43,(anonymous_1)
FN:44,(anonymous_2)
FN:44,(anonymous_3)
FN:45,(anonymous_4)
FN:49,(anonymous_5)
FN:69,(anonymous_6)
FN:86,(anonymous_7)
FN:115,(anonymous_8)
FN:117,(anonymous_9)
FN:117,(anonymous_10)
FN:118,(anonymous_11)
FN:122,(anonymous_12)
FN:153,(anonymous_13)
FN:160,(anonymous_14)
FN:181,(anonymous_15)
FN:207,(anonymous_16)
FN:209,(anonymous_17)
FN:209,(anonymous_18)
FN:210,(anonymous_19)
FN:214,(anonymous_20)
FN:259,(anonymous_21)
FN:275,(anonymous_22)
FN:303,(anonymous_23)
FN:319,(anonymous_24)
FN:334,(anonymous_25)
FN:366,(anonymous_26)
FN:368,(anonymous_27)
FN:368,(anonymous_28)
FN:369,(anonymous_29)
FN:373,(anonymous_30)
FN:401,(anonymous_31)
FN:402,(anonymous_32)
FN:402,(anonymous_33)
FN:403,(anonymous_34)
FN:407,(anonymous_35)
FNF:36
FNH:1
FNDA:1,(anonymous_0)
FNDA:0,(anonymous_1)
FNDA:0,(anonymous_2)
FNDA:0,(anonymous_3)
FNDA:0,(anonymous_4)
FNDA:0,(anonymous_5)
FNDA:0,(anonymous_6)
FNDA:0,(anonymous_7)
FNDA:0,(anonymous_8)
FNDA:0,(anonymous_9)
FNDA:0,(anonymous_10)
FNDA:0,(anonymous_11)
FNDA:0,(anonymous_12)
FNDA:0,(anonymous_13)
FNDA:0,(anonymous_14)
FNDA:0,(anonymous_15)
FNDA:0,(anonymous_16)
FNDA:0,(anonymous_17)
FNDA:0,(anonymous_18)
FNDA:0,(anonymous_19)
FNDA:0,(anonymous_20)
FNDA:0,(anonymous_21)
FNDA:0,(anonymous_22)
FNDA:0,(anonymous_23)
FNDA:0,(anonymous_24)
FNDA:0,(anonymous_25)
FNDA:0,(anonymous_26)
FNDA:0,(anonymous_27)
FNDA:0,(anonymous_28)
FNDA:0,(anonymous_29)
FNDA:0,(anonymous_30)
FNDA:0,(anonymous_31)
FNDA:0,(anonymous_32)
FNDA:0,(anonymous_33)
FNDA:0,(anonymous_34)
FNDA:0,(anonymous_35)
DA:1,1
DA:8,1
DA:9,1
DA:10,1
DA:11,1
DA:12,1
DA:13,1
DA:14,1
DA:15,1
DA:16,1
DA:17,1
DA:18,1
DA:19,1
DA:20,1
DA:21,1
DA:22,1
DA:23,1
DA:24,1
DA:25,1
DA:38,1
DA:44,0
DA:45,0
DA:46,0
DA:50,0
DA:69,1
DA:70,0
DA:71,0
DA:86,1
DA:87,0
DA:89,0
DA:110,1
DA:117,0
DA:118,0
DA:119,0
DA:123,0
DA:153,1
DA:154,0
DA:155,0
DA:160,1
DA:161,0
DA:165,0
DA:166,0
DA:181,1
DA:182,0
DA:183,0
DA:202,1
DA:209,0
DA:210,0
DA:211,0
DA:215,0
DA:259,1
DA:260,0
DA:261,0
DA:275,1
DA:276,0
DA:303,1
DA:304,0
DA:319,1
DA:320,0
DA:321,0
DA:334,1
DA:335,0
DA:361,1
DA:367,0
DA:368,0
DA:369,0
DA:370,0
DA:374,0
DA:375,0
DA:396,1
DA:402,0
DA:403,0
DA:404,0
DA:408,0
LF:74
LH:34
BRDA:8,0,0,1
BRDA:8,0,1,1
BRF:2
BRH:2
end_of_record
